#
# There is insufficient memory for the Java Runtime Environment to continue.
# Native memory allocation (mmap) failed to map 131072 bytes for committing reserved memory.
# Possible reasons:
#   The system is out of physical RAM or swap space
#   In 32 bit mode, the process size limit was hit
# Possible solutions:
#   Reduce memory load on the system
#   Increase physical memory or swap space
#   Check if swap backing store is full
#   Use 64 bit Java on a 64 bit OS
#   Decrease Java heap size (-Xmx/-Xms)
#   Decrease number of Java threads
#   Decrease Java thread stack sizes (-Xss)
#   Set larger code cache with -XX:ReservedCodeCacheSize=
# This output file may be truncated or incomplete.
#
#  Out of Memory Error (os_linux.cpp:2643), pid=5530, tid=0xb6bcbb40
#
# JRE version: OpenJDK Runtime Environment (8.0_151-b12) (build 1.8.0_151-8u151-b12-0ubuntu0.16.04.2-b12)
# Java VM: OpenJDK Server VM (25.151-b12 mixed mode linux-x86 )
# Failed to write core dump. Core dumps have been disabled. To enable core dumping, try "ulimit -c unlimited" before starting Java again
#

---------------  T H R E A D  ---------------

Current thread (0xb6a08c00):  JavaThread "main" [_thread_in_vm, id=5550, stack(0xb6b7b000,0xb6bcc000)]

Stack: [0xb6b7b000,0xb6bcc000],  sp=0xb6bc8520,  free space=309k
Native frames: (J=compiled Java code, j=interpreted, Vv=VM code, C=native code)
V  [libjvm.so+0x8d6834]
V  [libjvm.so+0x3a7c76]
V  [libjvm.so+0x7420c0]
V  [libjvm.so+0x73c013]
V  [libjvm.so+0x8d3264]
V  [libjvm.so+0x6cdd63]
V  [libjvm.so+0x6cdf7a]
V  [libjvm.so+0x6ceb05]
V  [libjvm.so+0x6cec5a]
V  [libjvm.so+0x6cfc9a]
V  [libjvm.so+0x6cfe8d]
V  [libjvm.so+0x603d38]
V  [libjvm.so+0x4e67aa]
V  [libjvm.so+0x31a784]
V  [libjvm.so+0x851e0b]
V  [libjvm.so+0x8a0c7f]
j  sun.misc.Unsafe.defineAnonymousClass(Ljava/lang/Class;[B[Ljava/lang/Object;)Ljava/lang/Class;+0
j  java.lang.invoke.InvokerBytecodeGenerator.loadAndInitializeInvokerClass([B[Ljava/lang/Object;)Ljava/lang/Class;+8
j  java.lang.invoke.InvokerBytecodeGenerator.loadMethod([B)Ljava/lang/invoke/MemberName;+6
j  java.lang.invoke.InvokerBytecodeGenerator.generateCustomizedCode(Ljava/lang/invoke/LambdaForm;Ljava/lang/invoke/MethodType;)Ljava/lang/invoke/MemberName;+17
j  java.lang.invoke.LambdaForm.compileToBytecode()Ljava/lang/invoke/MemberName;+65
j  java.lang.invoke.DirectMethodHandle.makePreparedLambdaForm(Ljava/lang/invoke/MethodType;I)Ljava/lang/invoke/LambdaForm;+638
j  java.lang.invoke.DirectMethodHandle.preparedLambdaForm(Ljava/lang/invoke/MethodType;I)Ljava/lang/invoke/LambdaForm;+17
j  java.lang.invoke.DirectMethodHandle.preparedLambdaForm(Ljava/lang/invoke/MemberName;)Ljava/lang/invoke/LambdaForm;+151
j  java.lang.invoke.DirectMethodHandle.make(BLjava/lang/Class;Ljava/lang/invoke/MemberName;)Ljava/lang/invoke/DirectMethodHandle;+94
j  java.lang.invoke.DirectMethodHandle.make(Ljava/lang/Class;Ljava/lang/invoke/MemberName;)Ljava/lang/invoke/DirectMethodHandle;+16
j  java.lang.invoke.DirectMethodHandle.make(Ljava/lang/invoke/MemberName;)Ljava/lang/invoke/DirectMethodHandle;+17
j  java.lang.invoke.Invokers.basicInvoker()Ljava/lang/invoke/MethodHandle;+60
j  java.lang.invoke.LambdaForm$NamedFunction.<init>(Ljava/lang/invoke/MethodType;)V+42
j  java.lang.invoke.LambdaForm$Name.<init>(Ljava/lang/invoke/MethodType;[Ljava/lang/Object;)V+6
j  java.lang.invoke.DelegatingMethodHandle.makeReinvokerForm(Ljava/lang/invoke/MethodHandle;ILjava/lang/Object;Ljava/lang/String;ZLjava/lang/invoke/LambdaForm$NamedFunction;Ljava/lang/invoke/LambdaForm$NamedFunction;)Ljava/lang/invoke/LambdaForm;+291
j  java.lang.invoke.DelegatingMethodHandle.makeReinvokerForm(Ljava/lang/invoke/MethodHandle;ILjava/lang/Object;Ljava/lang/invoke/LambdaForm$NamedFunction;)Ljava/lang/invoke/LambdaForm;+54
j  java.lang.invoke.DelegatingMethodHandle.chooseDelegatingForm(Ljava/lang/invoke/MethodHandle;)Ljava/lang/invoke/LambdaForm;+20
j  java.lang.invoke.DelegatingMethodHandle.<init>(Ljava/lang/invoke/MethodType;Ljava/lang/invoke/MethodHandle;)V+3
j  java.lang.invoke.MethodHandleImpl$IntrinsicMethodHandle.<init>(Ljava/lang/invoke/MethodHandle;Ljava/lang/invoke/MethodHandleImpl$Intrinsic;)V+6
j  java.lang.invoke.MethodHandleImpl.makeIntrinsic(Ljava/lang/invoke/MethodHandle;Ljava/lang/invoke/MethodHandleImpl$Intrinsic;)Ljava/lang/invoke/MethodHandle;+16
j  java.lang.invoke.MethodHandleImpl.makeArrays()[Ljava/lang/invoke/MethodHandle;+35
j  java.lang.invoke.MethodHandleImpl.access$000()[Ljava/lang/invoke/MethodHandle;+0
j  java.lang.invoke.MethodHandleImpl$Lazy.<clinit>()V+5
v  ~StubRoutines::call_stub
V  [libjvm.so+0x51faad]
V  [libjvm.so+0x746985]
V  [libjvm.so+0x51ebea]
V  [libjvm.so+0x4ebfb8]
V  [libjvm.so+0x4ec367]
V  [libjvm.so+0x4ec7aa]
V  [libjvm.so+0x62d508]
V  [libjvm.so+0x63147a]
V  [libjvm.so+0x633a38]
V  [libjvm.so+0x513af7]
j  java.lang.invoke.MethodHandleImpl.varargsArray(I)Ljava/lang/invoke/MethodHandle;+0
j  java.lang.invoke.MethodHandleImpl.varargsArray(Ljava/lang/Class;I)Ljava/lang/invoke/MethodHandle;+121
j  java.lang.invoke.MethodHandle.asCollector(Ljava/lang/Class;I)Ljava/lang/invoke/MethodHandle;+36
j  java.lang.invoke.MethodHandleImpl$AsVarargsCollector.<init>(Ljava/lang/invoke/MethodType;Ljava/lang/invoke/MethodHandle;Ljava/lang/Class;)V+20
j  java.lang.invoke.MethodHandleImpl$AsVarargsCollector.<init>(Ljava/lang/invoke/MethodHandle;Ljava/lang/Class;)V+7
j  java.lang.invoke.MethodHandleImpl.makeVarargsCollector(Ljava/lang/invoke/MethodHandle;Ljava/lang/Class;)Ljava/lang/invoke/MethodHandle;+43
j  java.lang.invoke.MethodHandle.setVarargs(Ljava/lang/invoke/MemberName;)Ljava/lang/invoke/MethodHandle;+26
j  java.lang.invoke.MethodHandles$Lookup.getDirectMethodCommon(BLjava/lang/Class;Ljava/lang/invoke/MemberName;ZZLjava/lang/Class;)Ljava/lang/invoke/MethodHandle;+263
j  java.lang.invoke.MethodHandles$Lookup.getDirectMethod(BLjava/lang/Class;Ljava/lang/invoke/MemberName;Ljava/lang/Class;)Ljava/lang/invoke/MethodHandle;+8
j  java.lang.invoke.MethodHandles$Lookup.findStatic(Ljava/lang/Class;Ljava/lang/String;Ljava/lang/invoke/MethodType;)Ljava/lang/invoke/MethodHandle;+23
j  java.lang.invoke.CallSite.<clinit>()V+35
v  ~StubRoutines::call_stub
V  [libjvm.so+0x51faad]
V  [libjvm.so+0x746985]
V  [libjvm.so+0x51ebea]
V  [libjvm.so+0x4ebfb8]
V  [libjvm.so+0x4ec367]
V  [libjvm.so+0x4ec7aa]
V  [libjvm.so+0x62d508]
V  [libjvm.so+0x63147a]
V  [libjvm.so+0x633a38]
V  [libjvm.so+0x513af7]
j  java.lang.invoke.MethodHandleNatives.linkCallSiteImpl(Ljava/lang/Class;Ljava/lang/invoke/MethodHandle;Ljava/lang/String;Ljava/lang/invoke/MethodType;Ljava/lang/Object;[Ljava/lang/Object;)Ljava/lang/invoke/MemberName;+6
j  java.lang.invoke.MethodHandleNatives.linkCallSite(Ljava/lang/Object;Ljava/lang/Object;Ljava/lang/Object;Ljava/lang/Object;Ljava/lang/Object;[Ljava/lang/Object;)Ljava/lang/invoke/MemberName;+45
v  ~StubRoutines::call_stub
V  [libjvm.so+0x51faad]
V  [libjvm.so+0x746985]
V  [libjvm.so+0x51e5f5]
V  [libjvm.so+0x85130f]
V  [libjvm.so+0x632916]
V  [libjvm.so+0x63375c]
V  [libjvm.so+0x633b58]
V  [libjvm.so+0x5156a8]
j  org.apache.jena.system.JenaSystem.<clinit>()V+22
v  ~StubRoutines::call_stub
V  [libjvm.so+0x51faad]
V  [libjvm.so+0x746985]
V  [libjvm.so+0x51ebea]
V  [libjvm.so+0x4ebfb8]
V  [libjvm.so+0x4ec367]
V  [libjvm.so+0x4ec7aa]
V  [libjvm.so+0x62d508]
V  [libjvm.so+0x63147a]
V  [libjvm.so+0x633a38]
V  [libjvm.so+0x513af7]
j  org.apache.jena.sparql.graph.GraphFactory.<clinit>()V+0
v  ~StubRoutines::call_stub
V  [libjvm.so+0x51faad]
V  [libjvm.so+0x746985]
V  [libjvm.so+0x51ebea]
...<more frames>...

Java frames: (J=compiled Java code, j=interpreted, Vv=VM code)
j  sun.misc.Unsafe.defineAnonymousClass(Ljava/lang/Class;[B[Ljava/lang/Object;)Ljava/lang/Class;+0
j  java.lang.invoke.InvokerBytecodeGenerator.loadAndInitializeInvokerClass([B[Ljava/lang/Object;)Ljava/lang/Class;+8
j  java.lang.invoke.InvokerBytecodeGenerator.loadMethod([B)Ljava/lang/invoke/MemberName;+6
j  java.lang.invoke.InvokerBytecodeGenerator.generateCustomizedCode(Ljava/lang/invoke/LambdaForm;Ljava/lang/invoke/MethodType;)Ljava/lang/invoke/MemberName;+17
j  java.lang.invoke.LambdaForm.compileToBytecode()Ljava/lang/invoke/MemberName;+65
j  java.lang.invoke.DirectMethodHandle.makePreparedLambdaForm(Ljava/lang/invoke/MethodType;I)Ljava/lang/invoke/LambdaForm;+638
j  java.lang.invoke.DirectMethodHandle.preparedLambdaForm(Ljava/lang/invoke/MethodType;I)Ljava/lang/invoke/LambdaForm;+17
j  java.lang.invoke.DirectMethodHandle.preparedLambdaForm(Ljava/lang/invoke/MemberName;)Ljava/lang/invoke/LambdaForm;+151
j  java.lang.invoke.DirectMethodHandle.make(BLjava/lang/Class;Ljava/lang/invoke/MemberName;)Ljava/lang/invoke/DirectMethodHandle;+94
j  java.lang.invoke.DirectMethodHandle.make(Ljava/lang/Class;Ljava/lang/invoke/MemberName;)Ljava/lang/invoke/DirectMethodHandle;+16
j  java.lang.invoke.DirectMethodHandle.make(Ljava/lang/invoke/MemberName;)Ljava/lang/invoke/DirectMethodHandle;+17
j  java.lang.invoke.Invokers.basicInvoker()Ljava/lang/invoke/MethodHandle;+60
j  java.lang.invoke.LambdaForm$NamedFunction.<init>(Ljava/lang/invoke/MethodType;)V+42
j  java.lang.invoke.LambdaForm$Name.<init>(Ljava/lang/invoke/MethodType;[Ljava/lang/Object;)V+6
j  java.lang.invoke.DelegatingMethodHandle.makeReinvokerForm(Ljava/lang/invoke/MethodHandle;ILjava/lang/Object;Ljava/lang/String;ZLjava/lang/invoke/LambdaForm$NamedFunction;Ljava/lang/invoke/LambdaForm$NamedFunction;)Ljava/lang/invoke/LambdaForm;+291
j  java.lang.invoke.DelegatingMethodHandle.makeReinvokerForm(Ljava/lang/invoke/MethodHandle;ILjava/lang/Object;Ljava/lang/invoke/LambdaForm$NamedFunction;)Ljava/lang/invoke/LambdaForm;+54
j  java.lang.invoke.DelegatingMethodHandle.chooseDelegatingForm(Ljava/lang/invoke/MethodHandle;)Ljava/lang/invoke/LambdaForm;+20
j  java.lang.invoke.DelegatingMethodHandle.<init>(Ljava/lang/invoke/MethodType;Ljava/lang/invoke/MethodHandle;)V+3
j  java.lang.invoke.MethodHandleImpl$IntrinsicMethodHandle.<init>(Ljava/lang/invoke/MethodHandle;Ljava/lang/invoke/MethodHandleImpl$Intrinsic;)V+6
j  java.lang.invoke.MethodHandleImpl.makeIntrinsic(Ljava/lang/invoke/MethodHandle;Ljava/lang/invoke/MethodHandleImpl$Intrinsic;)Ljava/lang/invoke/MethodHandle;+16
j  java.lang.invoke.MethodHandleImpl.makeArrays()[Ljava/lang/invoke/MethodHandle;+35
j  java.lang.invoke.MethodHandleImpl.access$000()[Ljava/lang/invoke/MethodHandle;+0
j  java.lang.invoke.MethodHandleImpl$Lazy.<clinit>()V+5
v  ~StubRoutines::call_stub
j  java.lang.invoke.MethodHandleImpl.varargsArray(I)Ljava/lang/invoke/MethodHandle;+0
j  java.lang.invoke.MethodHandleImpl.varargsArray(Ljava/lang/Class;I)Ljava/lang/invoke/MethodHandle;+121
j  java.lang.invoke.MethodHandle.asCollector(Ljava/lang/Class;I)Ljava/lang/invoke/MethodHandle;+36
j  java.lang.invoke.MethodHandleImpl$AsVarargsCollector.<init>(Ljava/lang/invoke/MethodType;Ljava/lang/invoke/MethodHandle;Ljava/lang/Class;)V+20
j  java.lang.invoke.MethodHandleImpl$AsVarargsCollector.<init>(Ljava/lang/invoke/MethodHandle;Ljava/lang/Class;)V+7
j  java.lang.invoke.MethodHandleImpl.makeVarargsCollector(Ljava/lang/invoke/MethodHandle;Ljava/lang/Class;)Ljava/lang/invoke/MethodHandle;+43
j  java.lang.invoke.MethodHandle.setVarargs(Ljava/lang/invoke/MemberName;)Ljava/lang/invoke/MethodHandle;+26
j  java.lang.invoke.MethodHandles$Lookup.getDirectMethodCommon(BLjava/lang/Class;Ljava/lang/invoke/MemberName;ZZLjava/lang/Class;)Ljava/lang/invoke/MethodHandle;+263
j  java.lang.invoke.MethodHandles$Lookup.getDirectMethod(BLjava/lang/Class;Ljava/lang/invoke/MemberName;Ljava/lang/Class;)Ljava/lang/invoke/MethodHandle;+8
j  java.lang.invoke.MethodHandles$Lookup.findStatic(Ljava/lang/Class;Ljava/lang/String;Ljava/lang/invoke/MethodType;)Ljava/lang/invoke/MethodHandle;+23
j  java.lang.invoke.CallSite.<clinit>()V+35
v  ~StubRoutines::call_stub
j  java.lang.invoke.MethodHandleNatives.linkCallSiteImpl(Ljava/lang/Class;Ljava/lang/invoke/MethodHandle;Ljava/lang/String;Ljava/lang/invoke/MethodType;Ljava/lang/Object;[Ljava/lang/Object;)Ljava/lang/invoke/MemberName;+6
j  java.lang.invoke.MethodHandleNatives.linkCallSite(Ljava/lang/Object;Ljava/lang/Object;Ljava/lang/Object;Ljava/lang/Object;Ljava/lang/Object;[Ljava/lang/Object;)Ljava/lang/invoke/MemberName;+45
v  ~StubRoutines::call_stub
j  org.apache.jena.system.JenaSystem.<clinit>()V+22
v  ~StubRoutines::call_stub
j  org.apache.jena.sparql.graph.GraphFactory.<clinit>()V+0
v  ~StubRoutines::call_stub
j  test.app.errorsFinder(Ljava/lang/String;)V+244
j  test.app.main([Ljava/lang/String;)V+11
v  ~StubRoutines::call_stub

---------------  P R O C E S S  ---------------

Java Threads: ( => current thread )
  0xb6a86400 JavaThread "Service Thread" daemon [_thread_blocked, id=5605, stack(0x96e5c000,0x96ead000)]
  0xb6a83000 JavaThread "C1 CompilerThread1" daemon [_thread_blocked, id=5600, stack(0x96ead000,0x96f2e000)]
  0xb6a81800 JavaThread "C2 CompilerThread0" daemon [_thread_blocked, id=5594, stack(0x96f2e000,0x96faf000)]
  0xb6a80000 JavaThread "Signal Dispatcher" daemon [_thread_blocked, id=5590, stack(0x96faf000,0x97000000)]
  0xb6a66000 JavaThread "Finalizer" daemon [_thread_blocked, id=5586, stack(0x97347000,0x97398000)]
  0xb6a63400 JavaThread "Reference Handler" daemon [_thread_blocked, id=5581, stack(0x97398000,0x973e9000)]
=>0xb6a08c00 JavaThread "main" [_thread_in_vm, id=5550, stack(0xb6b7b000,0xb6bcc000)]

Other Threads:
  0xb6a5ec00 VMThread [stack: 0x973e9000,0x9746a000] [id=5574]
  0xb6a88000 WatcherThread [stack: 0x96ddb000,0x96e5c000] [id=5609]

VM state:not at safepoint (normal execution)

VM Mutex/Monitor currently owned by a thread: None

Heap:
 def new generation   total 4928K, used 3667K [0x97c00000, 0x98150000, 0x9cf50000)
  eden space 4416K,  74% used [0x97c00000, 0x97f362a8, 0x98050000)
  from space 512K,  73% used [0x980d0000, 0x9812ea38, 0x98150000)
  to   space 512K,   0% used [0x98050000, 0x98050000, 0x980d0000)
 tenured generation   total 10944K, used 0K [0x9cf50000, 0x9da00000, 0xa7600000)
   the space 10944K,   0% used [0x9cf50000, 0x9cf50000, 0x9cf50200, 0x9da00000)
 Metaspace       used 2344K, capacity 2454K, committed 2456K, reserved 4400K

Card table byte_map: [0x97b82000,0x97c00000] byte_map_base: 0x976c4000

Polling page: 0xb7efc000

CodeCache: size=245760Kb used=937Kb max_used=937Kb free=244822Kb
 bounds [0xa79ed000, 0xa7c2d000, 0xb69ed000]
 total_blobs=356 nmethods=201 adapters=70
 compilation: enabled

Compilation events (10 events):
Event: 7.415 Thread 0xb6a83000  188       1       java.lang.invoke.LambdaForm$BasicType::access$100 (5 bytes)
Event: 7.416 Thread 0xb6a83000 nmethod 188 0xa7acb808 code [0xa7acb900, 0xa7acb980]
Event: 7.416 Thread 0xb6a83000  189       1       java.lang.invoke.LambdaForm$BasicType::basicTypeClass (5 bytes)
Event: 7.416 Thread 0xb6a83000 nmethod 189 0xa7acba08 code [0xa7acbb00, 0xa7acbba0]
Event: 7.416 Thread 0xb6a83000  190       3       jdk.internal.org.objectweb.asm.Frame::execute (2252 bytes)
Event: 7.901 Thread 0xb6a83000 nmethod 190 0xa7acc708 code [0xa7acd460, 0xa7ad12a0]
Event: 7.901 Thread 0xb6a83000  192       3       sun.invoke.util.VerifyAccess::isSamePackage (114 bytes)
Event: 8.006 Thread 0xb6a83000 nmethod 192 0xa7ad4608 code [0xa7ad4920, 0xa7ad6264]
Event: 8.006 Thread 0xb6a83000  195       3       java.lang.invoke.MemberName::isStatic (8 bytes)
Event: 8.006 Thread 0xb6a83000 nmethod 195 0xa7ad7488 code [0xa7ad75a0, 0xa7ad7700]

GC Heap History (2 events):
Event: 2.860 GC heap before
{Heap before GC invocations=0 (full 0):
 def new generation   total 4928K, used 4396K [0x97c00000, 0x98150000, 0x9cf50000)
  eden space 4416K,  99% used [0x97c00000, 0x9804b2d0, 0x98050000)
  from space 512K,   0% used [0x98050000, 0x98050000, 0x980d0000)
  to   space 512K,   0% used [0x980d0000, 0x980d0000, 0x98150000)
 tenured generation   total 10944K, used 0K [0x9cf50000, 0x9da00000, 0xa7600000)
   the space 10944K,   0% used [0x9cf50000, 0x9cf50000, 0x9cf50200, 0x9da00000)
 Metaspace       used 1894K, capacity 2208K, committed 2328K, reserved 4400K
Event: 3.322 GC heap after
Heap after GC invocations=1 (full 0):
 def new generation   total 4928K, used 378K [0x97c00000, 0x98150000, 0x9cf50000)
  eden space 4416K,   0% used [0x97c00000, 0x97c00000, 0x98050000)
  from space 512K,  73% used [0x980d0000, 0x9812ea38, 0x98150000)
  to   space 512K,   0% used [0x98050000, 0x98050000, 0x980d0000)
 tenured generation   total 10944K, used 0K [0x9cf50000, 0x9da00000, 0xa7600000)
   the space 10944K,   0% used [0x9cf50000, 0x9cf50000, 0x9cf50200, 0x9da00000)
 Metaspace       used 1894K, capacity 2208K, committed 2328K, reserved 4400K
}

Deoptimization events (0 events):
No events

Internal exceptions (2 events):
Event: 0.741 Thread 0xb6a08c00 Exception <a 'java/lang/NoSuchMethodError': Method sun.misc.Unsafe.defineClass(Ljava/lang/String;[BII)Ljava/lang/Class; name or signature does not match> (0x97c06e90) thrown at [/build/openjdk-8-Y4imzb/openjdk-8-8u151-b12/src/hotspot/src/share/vm/prims/jn
Event: 0.741 Thread 0xb6a08c00 Exception <a 'java/lang/NoSuchMethodError': Method sun.misc.Unsafe.prefetchRead(Ljava/lang/Object;J)V name or signature does not match> (0x97c07160) thrown at [/build/openjdk-8-Y4imzb/openjdk-8-8u151-b12/src/hotspot/src/share/vm/prims/jni.cpp, line 4011]

Events (10 events):
Event: 6.772 loading class java/lang/invoke/MethodHandleImpl$AsVarargsCollector
Event: 6.888 loading class java/lang/invoke/DelegatingMethodHandle
Event: 6.946 loading class java/lang/invoke/DelegatingMethodHandle done
Event: 6.948 loading class java/lang/invoke/MethodHandleImpl$AsVarargsCollector done
Event: 6.955 loading class java/lang/invoke/WrongMethodTypeException
Event: 6.955 loading class java/lang/invoke/WrongMethodTypeException done
Event: 7.063 loading class java/lang/invoke/MethodHandleImpl$Lazy
Event: 7.069 loading class java/lang/invoke/MethodHandleImpl$Lazy done
Event: 7.075 loading class java/lang/invoke/MethodHandleImpl$IntrinsicMethodHandle
Event: 7.080 loading class java/lang/invoke/MethodHandleImpl$IntrinsicMethodHandle done


Dynamic libraries:
08048000-08049000 r-xp 00000000 08:01 6822321    /usr/lib/jvm/java-8-openjdk-i386/jre/bin/java
08049000-0804a000 r--p 00000000 08:01 6822321    /usr/lib/jvm/java-8-openjdk-i386/jre/bin/java
0804a000-0804b000 rw-p 00001000 08:01 6822321    /usr/lib/jvm/java-8-openjdk-i386/jre/bin/java
081c4000-0822c000 rw-p 00000000 00:00 0          [heap]
96a00000-96a58000 rw-p 00000000 00:00 0 
96a58000-96b00000 ---p 00000000 00:00 0 
96c00000-96cba000 rw-p 00000000 00:00 0 
96cba000-96d00000 ---p 00000000 00:00 0 
96d6b000-96d9f000 r--s 00295000 08:01 6296797    /home/ahmed/.m2/repository/org/apache/jena/jena-arq/3.6.0/jena-arq-3.6.0.jar
96d9f000-96da8000 r--s 0002d000 08:01 6296774    /home/ahmed/.m2/repository/xml-apis/xml-apis/1.4.01/xml-apis-1.4.01.jar
96da8000-96dc1000 r--s 00135000 08:01 6296769    /home/ahmed/.m2/repository/xerces/xercesImpl/2.11.0/xercesImpl-2.11.0.jar
96dc1000-96ddb000 r--s 00141000 08:01 6296761    /home/ahmed/.m2/repository/org/apache/jena/jena-core/3.7.0-SNAPSHOT/jena-core-3.7.0-SNAPSHOT.jar
96ddb000-96ddc000 ---p 00000000 00:00 0 
96ddc000-96e5c000 rw-p 00000000 00:00 0 
96e5c000-96e5f000 ---p 00000000 00:00 0 
96e5f000-96ead000 rw-p 00000000 00:00 0 
96ead000-96eb0000 ---p 00000000 00:00 0 
96eb0000-96f2e000 rw-p 00000000 00:00 0 
96f2e000-96f31000 ---p 00000000 00:00 0 
96f31000-96faf000 rw-p 00000000 00:00 0 
96faf000-96fb2000 ---p 00000000 00:00 0 
96fb2000-97000000 rw-p 00000000 00:00 0 
97000000-97200000 r--p 00000000 08:01 6690927    /usr/lib/locale/locale-archive
97200000-972fb000 rw-p 00000000 00:00 0 
972fb000-97300000 ---p 00000000 00:00 0 
97300000-97305000 r--s 00030000 08:01 6560411    /home/ahmed/.m2/repository/org/apache/jena/jena-base/3.7.0-SNAPSHOT/jena-base-3.7.0-SNAPSHOT.jar
97305000-97307000 r--s 0000c000 08:01 6296776    /home/ahmed/.m2/repository/commons-cli/commons-cli/1.4/commons-cli-1.4.jar
97307000-97309000 r--s 00020000 08:01 6296762    /home/ahmed/.m2/repository/org/apache/jena/jena-iri/3.7.0-SNAPSHOT/jena-iri-3.7.0-SNAPSHOT.jar
97309000-9730e000 r--s 002f9000 08:01 6690851    /usr/lib/jvm/java-8-openjdk-i386/jre/lib/charsets.jar
9730e000-97313000 r--s 0009a000 08:01 6692133    /usr/lib/jvm/java-8-openjdk-i386/jre/lib/jsse.jar
97313000-97326000 r--s 00346000 08:01 6692132    /usr/lib/jvm/java-8-openjdk-i386/jre/lib/resources.jar
97326000-9732c000 r--s 0003a000 08:01 6690121    /usr/lib/jvm/java-8-openjdk-i386/jre/lib/ext/sunjce_provider.jar
9732c000-97347000 r--s 001d6000 08:01 6690110    /usr/lib/jvm/java-8-openjdk-i386/jre/lib/ext/nashorn.jar
97347000-9734a000 ---p 00000000 00:00 0 
9734a000-97398000 rw-p 00000000 00:00 0 
97398000-9739b000 ---p 00000000 00:00 0 
9739b000-973e9000 rw-p 00000000 00:00 0 
973e9000-973ea000 ---p 00000000 00:00 0 
973ea000-974b8000 rw-p 00000000 00:00 0 
974b8000-97687000 r--s 03c21000 08:01 6690103    /usr/lib/jvm/java-8-openjdk-i386/jre/lib/rt.jar
97687000-97948000 rw-p 00000000 00:00 0 
97968000-97b2e000 ---p 00000000 00:00 0 
97b2e000-97b34000 rw-p 00000000 00:00 0 
97b34000-97b82000 ---p 00000000 00:00 0 
97b82000-97b85000 rw-p 00000000 00:00 0 
97b85000-97bab000 ---p 00000000 00:00 0 
97bab000-97bb1000 rw-p 00000000 00:00 0 
97bb1000-97bff000 ---p 00000000 00:00 0 
97bff000-98150000 rw-p 00000000 00:00 0 
98150000-9cf50000 ---p 00000000 00:00 0 
9cf50000-9da00000 rw-p 00000000 00:00 0 
9da00000-a7600000 ---p 00000000 00:00 0 
a7600000-a7603000 r--s 00015000 08:01 6690105    /usr/lib/jvm/java-8-openjdk-i386/jre/lib/jce.jar
a7603000-a7605000 r--s 00008000 08:01 6690126    /usr/lib/jvm/java-8-openjdk-i386/jre/lib/ext/sunec.jar
a7605000-a7608000 r--s 0000f000 08:01 6690107    /usr/lib/jvm/java-8-openjdk-i386/jre/lib/ext/icedtea-sound.jar
a7608000-a7612000 r--s 00116000 08:01 6690133    /usr/lib/jvm/java-8-openjdk-i386/jre/lib/ext/localedata.jar
a7612000-a762d000 r--s 00394000 08:01 6690108    /usr/lib/jvm/java-8-openjdk-i386/jre/lib/ext/cldrdata.jar
a762d000-a7636000 rw-p 00000000 00:00 0 
a7636000-a79ed000 ---p 00000000 00:00 0 
a79ed000-a7c2d000 rwxp 00000000 00:00 0 
a7c2d000-b69ed000 ---p 00000000 00:00 0 
b69ed000-b69f8000 r-xp 00000000 08:01 4980833    /lib/i386-linux-gnu/libnss_files-2.23.so
b69f8000-b69f9000 r--p 0000a000 08:01 4980833    /lib/i386-linux-gnu/libnss_files-2.23.so
b69f9000-b69fa000 rw-p 0000b000 08:01 4980833    /lib/i386-linux-gnu/libnss_files-2.23.so
b69fa000-b6a00000 rw-p 00000000 00:00 0 
b6a00000-b6afd000 rw-p 00000000 00:00 0 
b6afd000-b6b00000 ---p 00000000 00:00 0 
b6b00000-b6b01000 r--s 0000a000 08:01 6690409    /usr/lib/jvm/java-8-openjdk-i386/jre/lib/ext/jaccess.jar
b6b01000-b6b0c000 r-xp 00000000 08:01 4982240    /lib/i386-linux-gnu/libnss_nis-2.23.so
b6b0c000-b6b0d000 r--p 0000a000 08:01 4982240    /lib/i386-linux-gnu/libnss_nis-2.23.so
b6b0d000-b6b0e000 rw-p 0000b000 08:01 4982240    /lib/i386-linux-gnu/libnss_nis-2.23.so
b6b0e000-b6b25000 r-xp 00000000 08:01 4980751    /lib/i386-linux-gnu/libnsl-2.23.so
b6b25000-b6b26000 r--p 00016000 08:01 4980751    /lib/i386-linux-gnu/libnsl-2.23.so
b6b26000-b6b27000 rw-p 00017000 08:01 4980751    /lib/i386-linux-gnu/libnsl-2.23.so
b6b27000-b6b29000 rw-p 00000000 00:00 0 
b6b29000-b6b31000 r-xp 00000000 08:01 4980828    /lib/i386-linux-gnu/libnss_compat-2.23.so
b6b31000-b6b32000 r--p 00007000 08:01 4980828    /lib/i386-linux-gnu/libnss_compat-2.23.so
b6b32000-b6b33000 rw-p 00008000 08:01 4980828    /lib/i386-linux-gnu/libnss_compat-2.23.so
b6b33000-b6b37000 r--s 00037000 08:01 6690284    /usr/lib/jvm/java-8-openjdk-i386/jre/lib/ext/sunpkcs11.jar
b6b37000-b6b3f000 r-xp 00000000 08:01 6691544    /usr/lib/jvm/java-8-openjdk-i386/jre/lib/i386/libzip.so
b6b3f000-b6b40000 r--p 00007000 08:01 6691544    /usr/lib/jvm/java-8-openjdk-i386/jre/lib/i386/libzip.so
b6b40000-b6b41000 rw-p 00008000 08:01 6691544    /usr/lib/jvm/java-8-openjdk-i386/jre/lib/i386/libzip.so
b6b41000-b6b49000 rw-s 00000000 08:01 2365352    /tmp/hsperfdata_ahmed/5530
b6b49000-b6b70000 r-xp 00000000 08:01 6691112    /usr/lib/jvm/java-8-openjdk-i386/jre/lib/i386/libjava.so
b6b70000-b6b71000 r--p 00026000 08:01 6691112    /usr/lib/jvm/java-8-openjdk-i386/jre/lib/i386/libjava.so
b6b71000-b6b72000 rw-p 00027000 08:01 6691112    /usr/lib/jvm/java-8-openjdk-i386/jre/lib/i386/libjava.so
b6b72000-b6b79000 r-xp 00000000 08:01 4982287    /lib/i386-linux-gnu/librt-2.23.so
b6b79000-b6b7a000 r--p 00006000 08:01 4982287    /lib/i386-linux-gnu/librt-2.23.so
b6b7a000-b6b7b000 rw-p 00007000 08:01 4982287    /lib/i386-linux-gnu/librt-2.23.so
b6b7b000-b6b7e000 ---p 00000000 00:00 0 
b6b7e000-b6bcc000 rw-p 00000000 00:00 0 
b6bcc000-b6be8000 r-xp 00000000 08:01 4982308    /lib/i386-linux-gnu/libgcc_s.so.1
b6be8000-b6be9000 rw-p 0001b000 08:01 4982308    /lib/i386-linux-gnu/libgcc_s.so.1
b6be9000-b6c3c000 r-xp 00000000 08:01 4980741    /lib/i386-linux-gnu/libm-2.23.so
b6c3c000-b6c3d000 r--p 00052000 08:01 4980741    /lib/i386-linux-gnu/libm-2.23.so
b6c3d000-b6c3e000 rw-p 00053000 08:01 4980741    /lib/i386-linux-gnu/libm-2.23.so
b6c3e000-b6dab000 r-xp 00000000 08:01 6685071    /usr/lib/i386-linux-gnu/libstdc++.so.6.0.21
b6dab000-b6dac000 ---p 0016d000 08:01 6685071    /usr/lib/i386-linux-gnu/libstdc++.so.6.0.21
b6dac000-b6db1000 r--p 0016d000 08:01 6685071    /usr/lib/i386-linux-gnu/libstdc++.so.6.0.21
b6db1000-b6db2000 rw-p 00172000 08:01 6685071    /usr/lib/i386-linux-gnu/libstdc++.so.6.0.21
b6db2000-b6db5000 rw-p 00000000 00:00 0 
b6db5000-b7886000 r-xp 00000000 08:01 6691324    /usr/lib/jvm/java-8-openjdk-i386/jre/lib/i386/server/libjvm.so
b7886000-b78cc000 r--p 00ad0000 08:01 6691324    /usr/lib/jvm/java-8-openjdk-i386/jre/lib/i386/server/libjvm.so
b78cc000-b78e3000 rw-p 00b16000 08:01 6691324    /usr/lib/jvm/java-8-openjdk-i386/jre/lib/i386/server/libjvm.so
b78e3000-b7d03000 rw-p 00000000 00:00 0 
b7d03000-b7d1c000 r-xp 00000000 08:01 4980761    /lib/i386-linux-gnu/libpthread-2.23.so
b7d1c000-b7d1d000 r--p 00018000 08:01 4980761    /lib/i386-linux-gnu/libpthread-2.23.so
b7d1d000-b7d1e000 rw-p 00019000 08:01 4980761    /lib/i386-linux-gnu/libpthread-2.23.so
b7d1e000-b7d20000 rw-p 00000000 00:00 0 
b7d20000-b7d23000 r-xp 00000000 08:01 4980822    /lib/i386-linux-gnu/libdl-2.23.so
b7d23000-b7d24000 r--p 00002000 08:01 4980822    /lib/i386-linux-gnu/libdl-2.23.so
b7d24000-b7d25000 rw-p 00003000 08:01 4980822    /lib/i386-linux-gnu/libdl-2.23.so
b7d25000-b7d26000 rw-p 00000000 00:00 0 
b7d26000-b7d3f000 r-xp 00000000 08:01 4982459    /lib/i386-linux-gnu/libz.so.1.2.8
b7d3f000-b7d40000 r--p 00018000 08:01 4982459    /lib/i386-linux-gnu/libz.so.1.2.8
b7d40000-b7d41000 rw-p 00019000 08:01 4982459    /lib/i386-linux-gnu/libz.so.1.2.8
b7d41000-b7ef1000 r-xp 00000000 08:01 4980820    /lib/i386-linux-gnu/libc-2.23.so
b7ef1000-b7ef3000 r--p 001af000 08:01 4980820    /lib/i386-linux-gnu/libc-2.23.so
b7ef3000-b7ef4000 rw-p 001b1000 08:01 4980820    /lib/i386-linux-gnu/libc-2.23.so
b7ef4000-b7ef7000 rw-p 00000000 00:00 0 
b7ef7000-b7ef8000 r--s 00010000 08:01 6690109    /usr/lib/jvm/java-8-openjdk-i386/jre/lib/ext/zipfs.jar
b7ef8000-b7efa000 r--s 00001000 08:01 6690421    /usr/lib/jvm/java-8-openjdk-i386/jre/lib/ext/dnsns.jar
b7efa000-b7efb000 r--p 002d4000 08:01 6690927    /usr/lib/locale/locale-archive
b7efb000-b7efc000 rw-p 00000000 00:00 0 
b7efc000-b7efd000 r--p 00000000 00:00 0 
b7efd000-b7f0b000 r-xp 00000000 08:01 6691533    /usr/lib/jvm/java-8-openjdk-i386/jre/lib/i386/libverify.so
b7f0b000-b7f0c000 r--p 0000d000 08:01 6691533    /usr/lib/jvm/java-8-openjdk-i386/jre/lib/i386/libverify.so
b7f0c000-b7f0d000 rw-p 0000e000 08:01 6691533    /usr/lib/jvm/java-8-openjdk-i386/jre/lib/i386/libverify.so
b7f0d000-b7f1a000 r-xp 00000000 08:01 6816054    /usr/lib/jvm/java-8-openjdk-i386/jre/lib/i386/jli/libjli.so
b7f1a000-b7f1b000 r--p 0000c000 08:01 6816054    /usr/lib/jvm/java-8-openjdk-i386/jre/lib/i386/jli/libjli.so
b7f1b000-b7f1c000 rw-p 0000d000 08:01 6816054    /usr/lib/jvm/java-8-openjdk-i386/jre/lib/i386/jli/libjli.so
b7f1c000-b7f1d000 rw-p 00000000 00:00 0 
b7f1d000-b7f20000 r--p 00000000 00:00 0          [vvar]
b7f20000-b7f22000 r-xp 00000000 00:00 0          [vdso]
b7f22000-b7f45000 r-xp 00000000 08:01 4980754    /lib/i386-linux-gnu/ld-2.23.so
b7f45000-b7f46000 r--p 00022000 08:01 4980754    /lib/i386-linux-gnu/ld-2.23.so
b7f46000-b7f47000 rw-p 00023000 08:01 4980754    /lib/i386-linux-gnu/ld-2.23.so
bffb1000-bffd3000 rw-p 00000000 00:00 0          [stack]

VM Arguments:
jvm_args: -Dfile.encoding=UTF-8 
java_command: test.app
java_class_path (initial): /usr/lib/jvm/java-8-openjdk-i386/jre/lib/resources.jar:/usr/lib/jvm/java-8-openjdk-i386/jre/lib/rt.jar:/usr/lib/jvm/java-8-openjdk-i386/jre/lib/jsse.jar:/usr/lib/jvm/java-8-openjdk-i386/jre/lib/jce.jar:/usr/lib/jvm/java-8-openjdk-i386/jre/lib/charsets.jar:/usr/lib/jvm/java-8-openjdk-i386/jre/lib/ext/dnsns.jar:/usr/lib/jvm/java-8-openjdk-i386/jre/lib/ext/cldrdata.jar:/usr/lib/jvm/java-8-openjdk-i386/jre/lib/ext/localedata.jar:/usr/lib/jvm/java-8-openjdk-i386/jre/lib/ext/nashorn.jar:/usr/lib/jvm/java-8-openjdk-i386/jre/lib/ext/sunpkcs11.jar:/usr/lib/jvm/java-8-openjdk-i386/jre/lib/ext/icedtea-sound.jar:/usr/lib/jvm/java-8-openjdk-i386/jre/lib/ext/zipfs.jar:/usr/lib/jvm/java-8-openjdk-i386/jre/lib/ext/jaccess.jar:/usr/lib/jvm/java-8-openjdk-i386/jre/lib/ext/sunec.jar:/usr/lib/jvm/java-8-openjdk-i386/jre/lib/ext/sunjce_provider.jar:/home/ahmed/eclipse-workspace/parser/target/classes:/home/ahmed/.m2/repository/org/apache/jena/jena-core/3.7.0-SNAPSHOT/jena-core-3.7.0-SNAPSHOT.jar:/home/ahmed/.m2/repository/org/apache/jena/jena-iri/3.7.0-SNAPSHOT/jena-iri-3.7.0-SNAPSHOT.jar:/home/ahmed/.m2/repository/xerces/xercesImpl/2.11.0/xercesImpl-2.11.0.jar:/home/ahmed/.m2/repository/xml-apis/xml-apis/1.4.01/xml-apis-1.4.01.jar:/home/ahmed/.m2/repository/commons-cli/commons-cli/1.4/commons-cli-1.4.jar:/home/ahmed/.m2/repository/org/apache/jena/jena-base/3.7.0-SNAPSHOT/jena-base-3.7.0-SNAPSHOT.jar:/home/ahmed/.m2/repository/org/apache/jena/jena-arq/3.6.0/jena-arq-3.6.0.jar:/home/ahmed/.m2/repository/org/apache/httpcomponents/httpclient/4.5.3/httpclient-4.5.3.jar:/home/ahmed/.m2/repository/org/apache/httpcomponents/httpcore/4.4.6/httpcore-4.4.6.jar:/home/ahmed/.m2/repository/org/apache/commons/commons-csv/1.5/commons-csv-1.5.jar:/home/ahmed/.m2/repository/commons-io/commons-io/2.6/commons-io-2.6.jar:/home/ahmed/.m2/repository/com/github/andrewoma/dexx/collection/0.7/collection-0.7.jar:/home/ahmed/.m2/repository/org/apache/jena/jena-shaded-guava/3.7.0-SNAPSH
Launcher Type: SUN_STANDARD

Environment Variables:
PATH=/home/ahmed/bin:/home/ahmed/.local/bin:/usr/local/sbin:/usr/local/bin:/usr/sbin:/usr/bin:/sbin:/bin:/usr/games:/usr/local/games:/snap/bin
LD_LIBRARY_PATH=/usr/lib/jvm/java-8-openjdk-i386/jre/lib/i386/server:/usr/lib/jvm/java-8-openjdk-i386/jre/lib/i386:
SHELL=/bin/bash
DISPLAY=:0

Signal Handlers:
SIGSEGV: [libjvm.so+0x8d7370], sa_mask[0]=11111111011111111101111111111110, sa_flags=SA_RESTART|SA_SIGINFO
SIGBUS: [libjvm.so+0x8d7370], sa_mask[0]=11111111011111111101111111111110, sa_flags=SA_RESTART|SA_SIGINFO
SIGFPE: [libjvm.so+0x73d1c0], sa_mask[0]=11111111011111111101111111111110, sa_flags=SA_RESTART|SA_SIGINFO
SIGPIPE: [libjvm.so+0x73d1c0], sa_mask[0]=11111111011111111101111111111110, sa_flags=SA_RESTART|SA_SIGINFO
SIGXFSZ: [libjvm.so+0x73d1c0], sa_mask[0]=11111111011111111101111111111110, sa_flags=SA_RESTART|SA_SIGINFO
SIGILL: [libjvm.so+0x73d1c0], sa_mask[0]=11111111011111111101111111111110, sa_flags=SA_RESTART|SA_SIGINFO
SIGUSR1: SIG_DFL, sa_mask[0]=00000000000000000000000000000000, sa_flags=none
SIGUSR2: [libjvm.so+0x73d000], sa_mask[0]=00100000000000000000000000000000, sa_flags=SA_RESTART|SA_SIGINFO
SIGHUP: [libjvm.so+0x73d790], sa_mask[0]=11111111011111111101111111111110, sa_flags=SA_RESTART|SA_SIGINFO
SIGINT: [libjvm.so+0x73d790], sa_mask[0]=11111111011111111101111111111110, sa_flags=SA_RESTART|SA_SIGINFO
SIGTERM: [libjvm.so+0x73d790], sa_mask[0]=11111111011111111101111111111110, sa_flags=SA_RESTART|SA_SIGINFO
SIGQUIT: [libjvm.so+0x73d790], sa_mask[0]=11111111011111111101111111111110, sa_flags=SA_RESTART|SA_SIGINFO


---------------  S Y S T E M  ---------------

OS:DISTRIB_ID=Ubuntu
DISTRIB_RELEASE=16.04
DISTRIB_CODENAME=xenial
DISTRIB_DESCRIPTION="Ubuntu 16.04.3 LTS"

uname:Linux 4.13.0-36-generic #40~16.04.1-Ubuntu SMP Fri Feb 16 23:26:51 UTC 2018 i686
libc:glibc 2.23 NPTL 2.23 
rlimit: STACK 8192k, CORE 0k, NPROC 7612, NOFILE 1048576, AS infinity
load average:4.51 1.74 1.05

/proc/meminfo:
MemTotal:        1022164 kB
MemFree:           49680 kB
MemAvailable:          0 kB
Buffers:             256 kB
Cached:            18044 kB
SwapCached:          108 kB
Active:           435640 kB
Inactive:         435464 kB
Active(anon):     427500 kB
Inactive(anon):   427572 kB
Active(file):       8140 kB
Inactive(file):     7892 kB
Unevictable:          80 kB
Mlocked:              80 kB
HighTotal:        139208 kB
HighFree:            112 kB
LowTotal:         882956 kB
LowFree:           49568 kB
SwapTotal:       1045500 kB
SwapFree:              0 kB
Dirty:                52 kB
Writeback:           204 kB
AnonPages:        852976 kB
Mapped:            12576 kB
Shmem:              2068 kB
Slab:              31052 kB
SReclaimable:      14176 kB
SUnreclaim:        16876 kB
KernelStack:        5000 kB
PageTables:        14672 kB
NFS_Unstable:          0 kB
Bounce:                0 kB
WritebackTmp:          0 kB
CommitLimit:     1556580 kB
Committed_AS:    6339708 kB
VmallocTotal:     122880 kB
VmallocUsed:           0 kB
VmallocChunk:          0 kB
AnonHugePages:         0 kB
ShmemHugePages:        0 kB
ShmemPmdMapped:        0 kB
CmaTotal:              0 kB
CmaFree:               0 kB
HugePages_Total:       0
HugePages_Free:        0
HugePages_Rsvd:        0
HugePages_Surp:        0
Hugepagesize:       2048 kB
DirectMap4k:       30712 kB
DirectMap2M:      878592 kB


CPU:total 1 (initial active 1) (1 cores per cpu, 1 threads per core) family 6 model 158 stepping 9, cmov, cx8, fxsr, mmx, sse, sse2, sse3, ssse3, sse4.1, sse4.2, popcnt, avx, avx2, aes, clmul, erms, rtm, 3dnowpref, lzcnt, tsc, bmi1, bmi2, adx

/proc/cpuinfo:
processor	: 0
vendor_id	: GenuineIntel
cpu family	: 6
model		: 158
model name	: Intel(R) Core(TM) i5-7440HQ CPU @ 2.80GHz
stepping	: 9
microcode	: 0xffffffff
cpu MHz		: 2807.998
cache size	: 6144 KB
physical id	: 0
siblings	: 1
core id		: 0
cpu cores	: 1
apicid		: 0
initial apicid	: 0
fdiv_bug	: no
f00f_bug	: no
coma_bug	: no
fpu		: yes
fpu_exception	: yes
cpuid level	: 21
wp		: yes
flags		: fpu vme de pse tsc msr pae mce cx8 apic sep mtrr pge mca cmov pat pse36 clflush mmx fxsr sse sse2 ss syscall nx pdpe1gb rdtscp lm constant_tsc xtopology cpuid pni pclmulqdq ssse3 fma cx16 sse4_1 sse4_2 movbe popcnt aes xsave avx f16c rdrand hypervisor lahf_lm abm 3dnowprefetch retpoline rsb_ctxsw fsgsbase bmi1 hle avx2 smep bmi2 erms rtm mpx rdseed adx smap clflushopt xsaveopt xsavec xsaves
bugs		: cpu_meltdown spectre_v1 spectre_v2
bogomips	: 5615.99
clflush size	: 64
cache_alignment	: 64
address sizes	: 39 bits physical, 48 bits virtual
power management:



Memory: 4k page, physical 1022164k(49680k free), swap 1045500k(0k free)

vm_info: OpenJDK Server VM (25.151-b12) for linux-x86 JRE (1.8.0_151-8u151-b12-0ubuntu0.16.04.2-b12), built on Oct 27 2017 22:05:04 by "buildd" with gcc 5.4.0 20160609

time: Mon Mar  5 07:45:43 2018
elapsed time: 8 seconds (0d 0h 0m 8s)

