#
# There is insufficient memory for the Java Runtime Environment to continue.
# Native memory allocation (mmap) failed to map 131072 bytes for committing reserved memory.
# Possible reasons:
#   The system is out of physical RAM or swap space
#   In 32 bit mode, the process size limit was hit
# Possible solutions:
#   Reduce memory load on the system
#   Increase physical memory or swap space
#   Check if swap backing store is full
#   Use 64 bit Java on a 64 bit OS
#   Decrease Java heap size (-Xmx/-Xms)
#   Decrease number of Java threads
#   Decrease Java thread stack sizes (-Xss)
#   Set larger code cache with -XX:ReservedCodeCacheSize=
# This output file may be truncated or incomplete.
#
#  Out of Memory Error (os_linux.cpp:2643), pid=4726, tid=0xb6c61b40
#
# JRE version: OpenJDK Runtime Environment (8.0_151-b12) (build 1.8.0_151-8u151-b12-0ubuntu0.16.04.2-b12)
# Java VM: OpenJDK Server VM (25.151-b12 mixed mode linux-x86 )
# Failed to write core dump. Core dumps have been disabled. To enable core dumping, try "ulimit -c unlimited" before starting Java again
#

---------------  T H R E A D  ---------------

Current thread (0xb6b08c00):  JavaThread "main" [_thread_in_vm, id=4739, stack(0xb6c11000,0xb6c62000)]

Stack: [0xb6c11000,0xb6c62000],  sp=0xb6c5d0d0,  free space=304k
Native frames: (J=compiled Java code, j=interpreted, Vv=VM code, C=native code)
V  [libjvm.so+0x8d6834]
V  [libjvm.so+0x3a7c76]
V  [libjvm.so+0x7420c0]
V  [libjvm.so+0x73c013]
V  [libjvm.so+0x8d3264]
V  [libjvm.so+0x6cdd63]
V  [libjvm.so+0x6cdf7a]
V  [libjvm.so+0x6ceb05]
V  [libjvm.so+0x6cec5a]
V  [libjvm.so+0x6cfc9a]
V  [libjvm.so+0x6cfe8d]
V  [libjvm.so+0x6d5472]
V  [libjvm.so+0x3b196e]
V  [libjvm.so+0x3b4224]
V  [libjvm.so+0x31ab7a]
V  [libjvm.so+0x84d519]
V  [libjvm.so+0x55c01a]
V  [libjvm.so+0x55d4bc]  JVM_DefineClassWithSource+0x9c
C  [libjava.so+0xb357]  Java_java_lang_ClassLoader_defineClass1+0x1a7
J 523  java.lang.ClassLoader.defineClass1(Ljava/lang/String;[BIILjava/security/ProtectionDomain;Ljava/lang/String;)Ljava/lang/Class; (0 bytes) @ 0xa7c273cb [0xa7c272e0+0xeb]
J 545 C1 java.lang.ClassLoader.defineClass(Ljava/lang/String;[BIILjava/security/ProtectionDomain;)Ljava/lang/Class; (43 bytes) @ 0xa7c34f0f [0xa7c34a60+0x4af]
J 485 C1 java.net.URLClassLoader.defineClass(Ljava/lang/String;Lsun/misc/Resource;)Ljava/lang/Class; (142 bytes) @ 0xa7c11bc1 [0xa7c10520+0x16a1]
J 406 C1 java.net.URLClassLoader$1.run()Ljava/lang/Class; (63 bytes) @ 0xa7bdf12e [0xa7bdef00+0x22e]
J 369 C1 java.net.URLClassLoader$1.run()Ljava/lang/Object; (5 bytes) @ 0xa7bbbf10 [0xa7bbbea0+0x70]
v  ~StubRoutines::call_stub
V  [libjvm.so+0x51faad]
V  [libjvm.so+0x746985]
V  [libjvm.so+0x51ebea]
V  [libjvm.so+0x56b9c4]  JVM_DoPrivileged+0x434
C  [libjava.so+0x9e15]  Java_java_security_AccessController_doPrivileged__Ljava_security_PrivilegedExceptionAction_2Ljava_security_AccessControlContext_2+0x25
J 329  java.security.AccessController.doPrivileged(Ljava/security/PrivilegedExceptionAction;Ljava/security/AccessControlContext;)Ljava/lang/Object; (0 bytes) @ 0xa7ba47cc [0xa7ba4720+0xac]
J 368 C1 java.net.URLClassLoader.findClass(Ljava/lang/String;)Ljava/lang/Class; (47 bytes) @ 0xa7bbc2b2 [0xa7bbc180+0x132]
J 276 C1 java.lang.ClassLoader.loadClass(Ljava/lang/String;Z)Ljava/lang/Class; (122 bytes) @ 0xa7b96467 [0xa7b95d20+0x747]
J 344 C1 sun.misc.Launcher$AppClassLoader.loadClass(Ljava/lang/String;Z)Ljava/lang/Class; (85 bytes) @ 0xa7baeff7 [0xa7bae860+0x797]
J 343 C1 java.lang.ClassLoader.loadClass(Ljava/lang/String;)Ljava/lang/Class; (7 bytes) @ 0xa7bae53f [0xa7bae460+0xdf]
v  ~StubRoutines::call_stub
V  [libjvm.so+0x51faad]
V  [libjvm.so+0x746985]
V  [libjvm.so+0x51d586]
V  [libjvm.so+0x51dafb]
V  [libjvm.so+0x853e83]
V  [libjvm.so+0x8528ff]
V  [libjvm.so+0x854906]
V  [libjvm.so+0x39b0be]
V  [libjvm.so+0x50d7c1]
j  org.apache.jena.enhanced.BuiltinPersonalities.<clinit>()V+240
v  ~StubRoutines::call_stub
V  [libjvm.so+0x51faad]
V  [libjvm.so+0x746985]
V  [libjvm.so+0x51ebea]
V  [libjvm.so+0x4ebfb8]
V  [libjvm.so+0x4ec367]
V  [libjvm.so+0x4ec7aa]
V  [libjvm.so+0x62ccfa]
V  [libjvm.so+0x62d12a]
V  [libjvm.so+0x512148]
j  org.apache.jena.rdf.model.impl.ModelCom.<init>(Lorg/apache/jena/graph/Graph;)V+2
j  org.apache.jena.rdf.model.ModelFactory.createDefaultModel()Lorg/apache/jena/rdf/model/Model;+7
j  org.apache.jena.vocabulary.DC_11.<clinit>()V+0
v  ~StubRoutines::call_stub
V  [libjvm.so+0x51faad]
V  [libjvm.so+0x746985]
V  [libjvm.so+0x51ebea]
V  [libjvm.so+0x4ebfb8]
V  [libjvm.so+0x4ec367]
V  [libjvm.so+0x4ec7aa]
V  [libjvm.so+0x62d508]
V  [libjvm.so+0x63147a]
V  [libjvm.so+0x633a38]
V  [libjvm.so+0x513af7]
j  org.apache.jena.shared.PrefixMapping.<clinit>()V+25
v  ~StubRoutines::call_stub
V  [libjvm.so+0x51faad]
V  [libjvm.so+0x746985]
V  [libjvm.so+0x51ebea]
V  [libjvm.so+0x4ebfb8]
V  [libjvm.so+0x4ec367]
V  [libjvm.so+0x4ec7aa]
V  [libjvm.so+0x4e62f6]
V  [libjvm.so+0x4ec625]
V  [libjvm.so+0x4ec7aa]
V  [libjvm.so+0x50e79f]
j  org.apache.jena.sparql.ARQConstants.<clinit>()V+0
v  ~StubRoutines::call_stub
V  [libjvm.so+0x51faad]
V  [libjvm.so+0x746985]
V  [libjvm.so+0x51ebea]
V  [libjvm.so+0x4ebfb8]
V  [libjvm.so+0x4ec367]
V  [libjvm.so+0x4ec7aa]
V  [libjvm.so+0x62d508]
V  [libjvm.so+0x63147a]
V  [libjvm.so+0x633a38]
V  [libjvm.so+0x513af7]
j  org.apache.jena.query.ARQ.init()V+44
j  org.apache.jena.sparql.system.InitARQ.start()V+0
j  org.apache.jena.system.JenaSystem.lambda$init$2(Lorg/apache/jena/system/JenaSubsystemLifecycle;)V+20
j  org.apache.jena.system.JenaSystem$$Lambda$3.accept(Ljava/lang/Object;)V+4
j  java.util.ArrayList.forEach(Ljava/util/function/Consumer;)V+47
j  org.apache.jena.system.JenaSystem.forEach(Ljava/util/function/Consumer;Ljava/util/Comparator;)V+16
...<more frames>...

Java frames: (J=compiled Java code, j=interpreted, Vv=VM code)
J 523  java.lang.ClassLoader.defineClass1(Ljava/lang/String;[BIILjava/security/ProtectionDomain;Ljava/lang/String;)Ljava/lang/Class; (0 bytes) @ 0xa7c27387 [0xa7c272e0+0xa7]
J 545 C1 java.lang.ClassLoader.defineClass(Ljava/lang/String;[BIILjava/security/ProtectionDomain;)Ljava/lang/Class; (43 bytes) @ 0xa7c34f0f [0xa7c34a60+0x4af]
J 485 C1 java.net.URLClassLoader.defineClass(Ljava/lang/String;Lsun/misc/Resource;)Ljava/lang/Class; (142 bytes) @ 0xa7c11bc1 [0xa7c10520+0x16a1]
J 406 C1 java.net.URLClassLoader$1.run()Ljava/lang/Class; (63 bytes) @ 0xa7bdf12e [0xa7bdef00+0x22e]
J 369 C1 java.net.URLClassLoader$1.run()Ljava/lang/Object; (5 bytes) @ 0xa7bbbf10 [0xa7bbbea0+0x70]
v  ~StubRoutines::call_stub
J 329  java.security.AccessController.doPrivileged(Ljava/security/PrivilegedExceptionAction;Ljava/security/AccessControlContext;)Ljava/lang/Object; (0 bytes) @ 0xa7ba4788 [0xa7ba4720+0x68]
J 368 C1 java.net.URLClassLoader.findClass(Ljava/lang/String;)Ljava/lang/Class; (47 bytes) @ 0xa7bbc2b2 [0xa7bbc180+0x132]
J 276 C1 java.lang.ClassLoader.loadClass(Ljava/lang/String;Z)Ljava/lang/Class; (122 bytes) @ 0xa7b96467 [0xa7b95d20+0x747]
J 344 C1 sun.misc.Launcher$AppClassLoader.loadClass(Ljava/lang/String;Z)Ljava/lang/Class; (85 bytes) @ 0xa7baeff7 [0xa7bae860+0x797]
J 343 C1 java.lang.ClassLoader.loadClass(Ljava/lang/String;)Ljava/lang/Class; (7 bytes) @ 0xa7bae53f [0xa7bae460+0xdf]
v  ~StubRoutines::call_stub
j  org.apache.jena.enhanced.BuiltinPersonalities.<clinit>()V+240
v  ~StubRoutines::call_stub
j  org.apache.jena.rdf.model.impl.ModelCom.<init>(Lorg/apache/jena/graph/Graph;)V+2
j  org.apache.jena.rdf.model.ModelFactory.createDefaultModel()Lorg/apache/jena/rdf/model/Model;+7
j  org.apache.jena.vocabulary.DC_11.<clinit>()V+0
v  ~StubRoutines::call_stub
j  org.apache.jena.shared.PrefixMapping.<clinit>()V+25
v  ~StubRoutines::call_stub
j  org.apache.jena.sparql.ARQConstants.<clinit>()V+0
v  ~StubRoutines::call_stub
j  org.apache.jena.query.ARQ.init()V+44
j  org.apache.jena.sparql.system.InitARQ.start()V+0
j  org.apache.jena.system.JenaSystem.lambda$init$2(Lorg/apache/jena/system/JenaSubsystemLifecycle;)V+20
j  org.apache.jena.system.JenaSystem$$Lambda$3.accept(Ljava/lang/Object;)V+4
j  java.util.ArrayList.forEach(Ljava/util/function/Consumer;)V+47
j  org.apache.jena.system.JenaSystem.forEach(Ljava/util/function/Consumer;Ljava/util/Comparator;)V+16
j  org.apache.jena.system.JenaSystem.forEach(Ljava/util/function/Consumer;)V+4
j  org.apache.jena.system.JenaSystem.init()V+145
j  org.apache.jena.sparql.graph.GraphFactory.<clinit>()V+0
v  ~StubRoutines::call_stub
j  test.app.errorsFinder(Ljava/lang/String;)V+187
j  test.app.main([Ljava/lang/String;)V+11
v  ~StubRoutines::call_stub

---------------  P R O C E S S  ---------------

Java Threads: ( => current thread )
  0xb6b86400 JavaThread "Service Thread" daemon [_thread_blocked, id=4754, stack(0x96f0b000,0x96f5c000)]
  0xb6b83000 JavaThread "C1 CompilerThread1" daemon [_thread_blocked, id=4752, stack(0x96f5c000,0x96fdd000)]
  0xb6b81800 JavaThread "C2 CompilerThread0" daemon [_thread_blocked, id=4749, stack(0x96fdd000,0x9705e000)]
  0xb6b80000 JavaThread "Signal Dispatcher" daemon [_thread_blocked, id=4748, stack(0x9705e000,0x970af000)]
  0xb6b66000 JavaThread "Finalizer" daemon [_thread_blocked, id=4745, stack(0x972af000,0x97300000)]
  0xb6b63400 JavaThread "Reference Handler" daemon [_thread_blocked, id=4743, stack(0x97416000,0x97467000)]
=>0xb6b08c00 JavaThread "main" [_thread_in_vm, id=4739, stack(0xb6c11000,0xb6c62000)]

Other Threads:
  0xb6b5ec00 VMThread [stack: 0x97467000,0x974e8000] [id=4741]
  0xb6b88000 WatcherThread [stack: 0x96e8a000,0x96f0b000] [id=4755]

VM state:not at safepoint (normal execution)

VM Mutex/Monitor currently owned by a thread: None

Heap:
 def new generation   total 4928K, used 1394K [0x97c00000, 0x98150000, 0x9cf50000)
  eden space 4416K,  19% used [0x97c00000, 0x97cdc880, 0x98050000)
  from space 512K,  99% used [0x98050000, 0x980cfff8, 0x980d0000)
  to   space 512K,   0% used [0x980d0000, 0x980d0000, 0x98150000)
 tenured generation   total 10944K, used 1674K [0x9cf50000, 0x9da00000, 0xa7600000)
   the space 10944K,  15% used [0x9cf50000, 0x9d0f29f0, 0x9d0f2a00, 0x9da00000)
 Metaspace       used 5592K, capacity 5754K, committed 5784K, reserved 6448K

Card table byte_map: [0xa763e000,0xa76bc000] byte_map_base: 0xa7180000

Polling page: 0xb7f92000

CodeCache: size=245760Kb used=1829Kb max_used=1846Kb free=243930Kb
 bounds [0xa7a7c000, 0xa7cbc000, 0xb6a7c000]
 total_blobs=725 nmethods=566 adapters=74
 compilation: enabled

Compilation events (10 events):
Event: 7.241 Thread 0xb6b83000  563       3       java.util.jar.Attributes$Name::equals (39 bytes)
Event: 7.241 Thread 0xb6b83000 nmethod 563 0xa7c3a648 code [0xa7c3a780, 0xa7c3aacc]
Event: 7.305 Thread 0xb6b83000  564   !   3       java.lang.ClassLoader::checkCerts (195 bytes)
Event: 7.305 Thread 0xb6b83000 nmethod 564 0xa7c3fdc8 code [0xa7c40080, 0xa7c411f8]
Event: 7.313 Thread 0xb6b83000  565       3       java.lang.invoke.MethodType::insertParameterTypes (106 bytes)
Event: 7.315 Thread 0xb6b83000 nmethod 565 0xa7c41b88 code [0xa7c41e20, 0xa7c42cb0]
Event: 7.316 Thread 0xb6b83000  567       3       java.lang.invoke.MethodType::parameterCount (6 bytes)
Event: 7.316 Thread 0xb6b83000 nmethod 567 0xa7c3a3c8 code [0xa7c3a4e0, 0xa7c3a5c0]
Event: 7.432 Thread 0xb6b81800  568       4       sun.misc.URLClassPath::getResource (83 bytes)
Event: 7.724 Thread 0xb6b81800 nmethod 568 0xa7c47808 code [0xa7c47b20, 0xa7c49024]

GC Heap History (10 events):
Event: 2.244 GC heap before
{Heap before GC invocations=1 (full 0):
 def new generation   total 4928K, used 4781K [0x97c00000, 0x98150000, 0x9cf50000)
  eden space 4416K, 100% used [0x97c00000, 0x98050000, 0x98050000)
  from space 512K,  71% used [0x980d0000, 0x9812b470, 0x98150000)
  to   space 512K,   0% used [0x98050000, 0x98050000, 0x980d0000)
 tenured generation   total 10944K, used 0K [0x9cf50000, 0x9da00000, 0xa7600000)
   the space 10944K,   0% used [0x9cf50000, 0x9cf50000, 0x9cf50200, 0x9da00000)
 Metaspace       used 2615K, capacity 2758K, committed 2840K, reserved 4400K
Event: 2.291 GC heap after
Heap after GC invocations=2 (full 0):
 def new generation   total 4928K, used 388K [0x97c00000, 0x98150000, 0x9cf50000)
  eden space 4416K,   0% used [0x97c00000, 0x97c00000, 0x98050000)
  from space 512K,  75% used [0x98050000, 0x980b1200, 0x980d0000)
  to   space 512K,   0% used [0x980d0000, 0x980d0000, 0x98150000)
 tenured generation   total 10944K, used 317K [0x9cf50000, 0x9da00000, 0xa7600000)
   the space 10944K,   2% used [0x9cf50000, 0x9cf9f788, 0x9cf9f800, 0x9da00000)
 Metaspace       used 2615K, capacity 2758K, committed 2840K, reserved 4400K
}
Event: 3.305 GC heap before
{Heap before GC invocations=2 (full 0):
 def new generation   total 4928K, used 4804K [0x97c00000, 0x98150000, 0x9cf50000)
  eden space 4416K, 100% used [0x97c00000, 0x98050000, 0x98050000)
  from space 512K,  75% used [0x98050000, 0x980b1200, 0x980d0000)
  to   space 512K,   0% used [0x980d0000, 0x980d0000, 0x98150000)
 tenured generation   total 10944K, used 317K [0x9cf50000, 0x9da00000, 0xa7600000)
   the space 10944K,   2% used [0x9cf50000, 0x9cf9f788, 0x9cf9f800, 0x9da00000)
 Metaspace       used 3191K, capacity 3336K, committed 3352K, reserved 4400K
Event: 3.316 GC heap after
Heap after GC invocations=3 (full 0):
 def new generation   total 4928K, used 512K [0x97c00000, 0x98150000, 0x9cf50000)
  eden space 4416K,   0% used [0x97c00000, 0x97c00000, 0x98050000)
  from space 512K, 100% used [0x980d0000, 0x98150000, 0x98150000)
  to   space 512K,   0% used [0x98050000, 0x98050000, 0x980d0000)
 tenured generation   total 10944K, used 716K [0x9cf50000, 0x9da00000, 0xa7600000)
   the space 10944K,   6% used [0x9cf50000, 0x9d0031d0, 0x9d003200, 0x9da00000)
 Metaspace       used 3191K, capacity 3336K, committed 3352K, reserved 4400K
}
Event: 4.555 GC heap before
{Heap before GC invocations=3 (full 0):
 def new generation   total 4928K, used 4928K [0x97c00000, 0x98150000, 0x9cf50000)
  eden space 4416K, 100% used [0x97c00000, 0x98050000, 0x98050000)
  from space 512K, 100% used [0x980d0000, 0x98150000, 0x98150000)
  to   space 512K,   0% used [0x98050000, 0x98050000, 0x980d0000)
 tenured generation   total 10944K, used 716K [0x9cf50000, 0x9da00000, 0xa7600000)
   the space 10944K,   6% used [0x9cf50000, 0x9d0031d0, 0x9d003200, 0x9da00000)
 Metaspace       used 3747K, capacity 3912K, committed 3992K, reserved 4400K
Event: 4.560 GC heap after
Heap after GC invocations=4 (full 0):
 def new generation   total 4928K, used 511K [0x97c00000, 0x98150000, 0x9cf50000)
  eden space 4416K,   0% used [0x97c00000, 0x97c00000, 0x98050000)
  from space 512K,  99% used [0x98050000, 0x980cfff8, 0x980d0000)
  to   space 512K,   0% used [0x980d0000, 0x980d0000, 0x98150000)
 tenured generation   total 10944K, used 999K [0x9cf50000, 0x9da00000, 0xa7600000)
   the space 10944K,   9% used [0x9cf50000, 0x9d049dc0, 0x9d049e00, 0x9da00000)
 Metaspace       used 3747K, capacity 3912K, committed 3992K, reserved 4400K
}
Event: 6.278 GC heap before
{Heap before GC invocations=4 (full 0):
 def new generation   total 4928K, used 4924K [0x97c00000, 0x98150000, 0x9cf50000)
  eden space 4416K,  99% used [0x97c00000, 0x9804f108, 0x98050000)
  from space 512K,  99% used [0x98050000, 0x980cfff8, 0x980d0000)
  to   space 512K,   0% used [0x980d0000, 0x980d0000, 0x98150000)
 tenured generation   total 10944K, used 999K [0x9cf50000, 0x9da00000, 0xa7600000)
   the space 10944K,   9% used [0x9cf50000, 0x9d049dc0, 0x9d049e00, 0x9da00000)
 Metaspace       used 4374K, capacity 4520K, committed 4632K, reserved 5424K
Event: 6.290 GC heap after
Heap after GC invocations=5 (full 0):
 def new generation   total 4928K, used 511K [0x97c00000, 0x98150000, 0x9cf50000)
  eden space 4416K,   0% used [0x97c00000, 0x97c00000, 0x98050000)
  from space 512K,  99% used [0x980d0000, 0x9814fff8, 0x98150000)
  to   space 512K,   0% used [0x98050000, 0x98050000, 0x980d0000)
 tenured generation   total 10944K, used 1353K [0x9cf50000, 0x9da00000, 0xa7600000)
   the space 10944K,  12% used [0x9cf50000, 0x9d0a2700, 0x9d0a2800, 0x9da00000)
 Metaspace       used 4374K, capacity 4520K, committed 4632K, reserved 5424K
}
Event: 7.646 GC heap before
{Heap before GC invocations=5 (full 0):
 def new generation   total 4928K, used 4927K [0x97c00000, 0x98150000, 0x9cf50000)
  eden space 4416K, 100% used [0x97c00000, 0x98050000, 0x98050000)
  from space 512K,  99% used [0x980d0000, 0x9814fff8, 0x98150000)
  to   space 512K,   0% used [0x98050000, 0x98050000, 0x980d0000)
 tenured generation   total 10944K, used 1353K [0x9cf50000, 0x9da00000, 0xa7600000)
   the space 10944K,  12% used [0x9cf50000, 0x9d0a2700, 0x9d0a2800, 0x9da00000)
 Metaspace       used 5209K, capacity 5402K, committed 5528K, reserved 6448K
Event: 7.701 GC heap after
Heap after GC invocations=6 (full 0):
 def new generation   total 4928K, used 511K [0x97c00000, 0x98150000, 0x9cf50000)
  eden space 4416K,   0% used [0x97c00000, 0x97c00000, 0x98050000)
  from space 512K,  99% used [0x98050000, 0x980cfff8, 0x980d0000)
  to   space 512K,   0% used [0x980d0000, 0x980d0000, 0x98150000)
 tenured generation   total 10944K, used 1674K [0x9cf50000, 0x9da00000, 0xa7600000)
   the space 10944K,  15% used [0x9cf50000, 0x9d0f29f0, 0x9d0f2a00, 0x9da00000)
 Metaspace       used 5209K, capacity 5402K, committed 5528K, reserved 6448K
}

Deoptimization events (0 events):
No events

Internal exceptions (10 events):
Event: 0.317 Thread 0xb6b08c00 Exception <a 'java/lang/NoSuchMethodError': Method sun.misc.Unsafe.defineClass(Ljava/lang/String;[BII)Ljava/lang/Class; name or signature does not match> (0x97c06e90) thrown at [/build/openjdk-8-Y4imzb/openjdk-8-8u151-b12/src/hotspot/src/share/vm/prims/jn
Event: 0.317 Thread 0xb6b08c00 Exception <a 'java/lang/NoSuchMethodError': Method sun.misc.Unsafe.prefetchRead(Ljava/lang/Object;J)V name or signature does not match> (0x97c07160) thrown at [/build/openjdk-8-Y4imzb/openjdk-8-8u151-b12/src/hotspot/src/share/vm/prims/jni.cpp, line 4011]
Event: 0.996 Thread 0xb6b08c00 Exception <a 'java/lang/NoSuchFieldError': method resolution failed> (0x97f2ec48) thrown at [/build/openjdk-8-Y4imzb/openjdk-8-8u151-b12/src/hotspot/src/share/vm/prims/methodHandles.cpp, line 1146]
Event: 1.120 Thread 0xb6b08c00 Exception <a 'java/lang/NoSuchFieldError': method resolution failed> (0x97f3ae80) thrown at [/build/openjdk-8-Y4imzb/openjdk-8-8u151-b12/src/hotspot/src/share/vm/prims/methodHandles.cpp, line 1146]
Event: 1.740 Thread 0xb6b08c00 Exception <a 'java/security/PrivilegedActionException'> (0x97fcac30) thrown at [/build/openjdk-8-Y4imzb/openjdk-8-8u151-b12/src/hotspot/src/share/vm/prims/jvm.cpp, line 1390]
Event: 1.774 Thread 0xb6b08c00 Exception <a 'java/security/PrivilegedActionException'> (0x97fcae30) thrown at [/build/openjdk-8-Y4imzb/openjdk-8-8u151-b12/src/hotspot/src/share/vm/prims/jvm.cpp, line 1390]
Event: 1.774 Thread 0xb6b08c00 Exception <a 'java/security/PrivilegedActionException'> (0x97fccc70) thrown at [/build/openjdk-8-Y4imzb/openjdk-8-8u151-b12/src/hotspot/src/share/vm/prims/jvm.cpp, line 1390]
Event: 1.774 Thread 0xb6b08c00 Exception <a 'java/security/PrivilegedActionException'> (0x97fcce70) thrown at [/build/openjdk-8-Y4imzb/openjdk-8-8u151-b12/src/hotspot/src/share/vm/prims/jvm.cpp, line 1390]
Event: 1.774 Thread 0xb6b08c00 Exception <a 'java/security/PrivilegedActionException'> (0x97fcd8a8) thrown at [/build/openjdk-8-Y4imzb/openjdk-8-8u151-b12/src/hotspot/src/share/vm/prims/jvm.cpp, line 1390]
Event: 1.774 Thread 0xb6b08c00 Exception <a 'java/security/PrivilegedActionException'> (0x97fcdaa8) thrown at [/build/openjdk-8-Y4imzb/openjdk-8-8u151-b12/src/hotspot/src/share/vm/prims/jvm.cpp, line 1390]

Events (10 events):
Event: 7.823 loading class org/apache/jena/ontology/impl/MaxCardinalityQRestrictionImpl$1
Event: 7.823 loading class org/apache/jena/ontology/impl/MaxCardinalityQRestrictionImpl$1 done
Event: 7.833 loading class org/apache/jena/ontology/CardinalityQRestriction
Event: 7.833 loading class org/apache/jena/ontology/CardinalityQRestriction done
Event: 7.836 loading class org/apache/jena/ontology/impl/CardinalityQRestrictionImpl
Event: 7.836 loading class org/apache/jena/ontology/impl/CardinalityQRestrictionImpl done
Event: 7.838 loading class org/apache/jena/ontology/impl/CardinalityQRestrictionImpl$1
Event: 7.838 loading class org/apache/jena/ontology/impl/CardinalityQRestrictionImpl$1 done
Event: 7.849 loading class org/apache/jena/ontology/OntProperty
Event: 7.849 loading class org/apache/jena/ontology/OntProperty done


Dynamic libraries:
08048000-08049000 r-xp 00000000 08:01 6822321    /usr/lib/jvm/java-8-openjdk-i386/jre/bin/java
08049000-0804a000 r--p 00000000 08:01 6822321    /usr/lib/jvm/java-8-openjdk-i386/jre/bin/java
0804a000-0804b000 rw-p 00001000 08:01 6822321    /usr/lib/jvm/java-8-openjdk-i386/jre/bin/java
0827b000-08441000 rw-p 00000000 00:00 0          [heap]
96500000-96573000 rw-p 00000000 00:00 0 
96573000-96600000 ---p 00000000 00:00 0 
96600000-96660000 rw-p 00000000 00:00 0 
96680000-96700000 ---p 00000000 00:00 0 
96700000-967ff000 rw-p 00000000 00:00 0 
967ff000-96800000 ---p 00000000 00:00 0 
96800000-96900000 rw-p 00000000 00:00 0 
96900000-969fe000 rw-p 00000000 00:00 0 
969fe000-96a00000 ---p 00000000 00:00 0 
96a00000-96a2d000 rw-p 00000000 00:00 0 
96a2d000-96b00000 ---p 00000000 00:00 0 
96b00000-96bf9000 rw-p 00000000 00:00 0 
96bf9000-96c00000 ---p 00000000 00:00 0 
96c66000-96c6f000 r--s 0006f000 08:01 6166014    /home/ahmed/.m2/repository/log4j/log4j/1.2.17/log4j-1.2.17.jar
96c6f000-96c71000 r--s 00009000 08:01 6166010    /home/ahmed/.m2/repository/org/slf4j/slf4j-api/1.7.25/slf4j-api-1.7.25.jar
96c71000-96c78000 r--s 0004b000 08:01 6560412    /home/ahmed/.m2/repository/commons-codec/commons-codec/1.11/commons-codec-1.11.jar
96c78000-96c7f000 r--s 00064000 08:01 6825101    /home/ahmed/.m2/repository/org/apache/commons/commons-lang3/3.4/commons-lang3-3.4.jar
96c7f000-96c81000 r--s 00003000 08:01 6296767    /home/ahmed/.m2/repository/org/slf4j/jcl-over-slf4j/1.7.25/jcl-over-slf4j-1.7.25.jar
96c81000-96c94000 r--s 00132000 08:01 7348372    /home/ahmed/.m2/repository/com/fasterxml/jackson/core/jackson-databind/2.9.0/jackson-databind-2.9.0.jar
96c94000-96ccc000 r--s 0024e000 08:01 6705440    /home/ahmed/.m2/repository/org/apache/jena/jena-shaded-guava/3.7.0-SNAPSHOT/jena-shaded-guava-3.7.0-SNAPSHOT.jar
96ccc000-96d00000 r--s 00295000 08:01 6296797    /home/ahmed/.m2/repository/org/apache/jena/jena-arq/3.6.0/jena-arq-3.6.0.jar
96d00000-96dfd000 rw-p 00000000 00:00 0 
96dfd000-96e00000 ---p 00000000 00:00 0 
96e00000-96e05000 r--s 00035000 08:01 7348379    /home/ahmed/.m2/repository/org/apache/thrift/libthrift/0.10.0/libthrift-0.10.0.jar
96e05000-96e08000 r--s 00024000 08:01 7348377    /home/ahmed/.m2/repository/org/apache/httpcomponents/httpclient-cache/4.5.3/httpclient-cache-4.5.3.jar
96e08000-96e0b000 r--s 0000e000 08:01 7348375    /home/ahmed/.m2/repository/com/fasterxml/jackson/core/jackson-annotations/2.9.0/jackson-annotations-2.9.0.jar
96e0b000-96e0f000 r--s 0004b000 08:01 7348369    /home/ahmed/.m2/repository/com/fasterxml/jackson/core/jackson-core/2.9.0/jackson-core-2.9.0.jar
96e0f000-96e12000 r--s 00018000 08:01 7348366    /home/ahmed/.m2/repository/com/github/jsonld-java/jsonld-java/0.11.1/jsonld-java-0.11.1.jar
96e12000-96e17000 r--s 00024000 08:01 7225263    /home/ahmed/.m2/repository/com/github/andrewoma/dexx/collection/0.7/collection-0.7.jar
96e17000-96e1b000 r--s 00031000 08:01 6705444    /home/ahmed/.m2/repository/commons-io/commons-io/2.6/commons-io-2.6.jar
96e1b000-96e1d000 r--s 00009000 08:01 6705446    /home/ahmed/.m2/repository/org/apache/commons/commons-csv/1.5/commons-csv-1.5.jar
96e1d000-96e25000 r--s 00048000 08:01 7348364    /home/ahmed/.m2/repository/org/apache/httpcomponents/httpcore/4.4.6/httpcore-4.4.6.jar
96e25000-96e32000 r--s 000aa000 08:01 7225261    /home/ahmed/.m2/repository/org/apache/httpcomponents/httpclient/4.5.3/httpclient-4.5.3.jar
96e32000-96e37000 r--s 00030000 08:01 6560411    /home/ahmed/.m2/repository/org/apache/jena/jena-base/3.7.0-SNAPSHOT/jena-base-3.7.0-SNAPSHOT.jar
96e37000-96e39000 r--s 0000c000 08:01 6296776    /home/ahmed/.m2/repository/commons-cli/commons-cli/1.4/commons-cli-1.4.jar
96e39000-96e42000 r--s 0002d000 08:01 6296774    /home/ahmed/.m2/repository/xml-apis/xml-apis/1.4.01/xml-apis-1.4.01.jar
96e42000-96e5b000 r--s 00135000 08:01 6296769    /home/ahmed/.m2/repository/xerces/xercesImpl/2.11.0/xercesImpl-2.11.0.jar
96e5b000-96e5d000 r--s 00020000 08:01 6296762    /home/ahmed/.m2/repository/org/apache/jena/jena-iri/3.7.0-SNAPSHOT/jena-iri-3.7.0-SNAPSHOT.jar
96e5d000-96e77000 r--s 00141000 08:01 6296761    /home/ahmed/.m2/repository/org/apache/jena/jena-core/3.7.0-SNAPSHOT/jena-core-3.7.0-SNAPSHOT.jar
96e77000-96e8a000 r--s 00346000 08:01 6692132    /usr/lib/jvm/java-8-openjdk-i386/jre/lib/resources.jar
96e8a000-96e8b000 ---p 00000000 00:00 0 
96e8b000-96f0b000 rw-p 00000000 00:00 0 
96f0b000-96f0e000 ---p 00000000 00:00 0 
96f0e000-96f5c000 rw-p 00000000 00:00 0 
96f5c000-96f5f000 ---p 00000000 00:00 0 
96f5f000-96fdd000 rw-p 00000000 00:00 0 
96fdd000-96fe0000 ---p 00000000 00:00 0 
96fe0000-9705e000 rw-p 00000000 00:00 0 
9705e000-97061000 ---p 00000000 00:00 0 
97061000-970af000 rw-p 00000000 00:00 0 
970af000-972af000 r--p 00000000 08:01 6690927    /usr/lib/locale/locale-archive
972af000-972b2000 ---p 00000000 00:00 0 
972b2000-97300000 rw-p 00000000 00:00 0 
97300000-973fb000 rw-p 00000000 00:00 0 
973fb000-97400000 ---p 00000000 00:00 0 
97401000-97406000 r--s 002f9000 08:01 6690851    /usr/lib/jvm/java-8-openjdk-i386/jre/lib/charsets.jar
97406000-97409000 r--s 00015000 08:01 6690105    /usr/lib/jvm/java-8-openjdk-i386/jre/lib/jce.jar
97409000-9740e000 r--s 0009a000 08:01 6692133    /usr/lib/jvm/java-8-openjdk-i386/jre/lib/jsse.jar
9740e000-97414000 r--s 0003a000 08:01 6690121    /usr/lib/jvm/java-8-openjdk-i386/jre/lib/ext/sunjce_provider.jar
97414000-97416000 r--s 00008000 08:01 6690126    /usr/lib/jvm/java-8-openjdk-i386/jre/lib/ext/sunec.jar
97416000-97419000 ---p 00000000 00:00 0 
97419000-97467000 rw-p 00000000 00:00 0 
97467000-97468000 ---p 00000000 00:00 0 
97468000-97536000 rw-p 00000000 00:00 0 
97536000-97705000 r--s 03c21000 08:01 6690103    /usr/lib/jvm/java-8-openjdk-i386/jre/lib/rt.jar
97705000-97ba6000 rw-p 00000000 00:00 0 
97ba6000-97bac000 ---p 00000000 00:00 0 
97bac000-97bb2000 rw-p 00000000 00:00 0 
97bb2000-97c00000 ---p 00000000 00:00 0 
97c00000-98150000 rw-p 00000000 00:00 0 
98150000-9cf50000 ---p 00000000 00:00 0 
9cf50000-9da00000 rw-p 00000000 00:00 0 
9da00000-a7600000 ---p 00000000 00:00 0 
a7601000-a7604000 r--s 0000f000 08:01 6690107    /usr/lib/jvm/java-8-openjdk-i386/jre/lib/ext/icedtea-sound.jar
a7604000-a7608000 r--s 00037000 08:01 6690284    /usr/lib/jvm/java-8-openjdk-i386/jre/lib/ext/sunpkcs11.jar
a7608000-a7623000 r--s 001d6000 08:01 6690110    /usr/lib/jvm/java-8-openjdk-i386/jre/lib/ext/nashorn.jar
a7623000-a763e000 r--s 00394000 08:01 6690108    /usr/lib/jvm/java-8-openjdk-i386/jre/lib/ext/cldrdata.jar
a763e000-a7641000 rw-p 00000000 00:00 0 
a7641000-a7667000 ---p 00000000 00:00 0 
a7667000-a766d000 rw-p 00000000 00:00 0 
a766d000-a76bb000 ---p 00000000 00:00 0 
a76bb000-a76c5000 rw-p 00000000 00:00 0 
a76c5000-a7a7c000 ---p 00000000 00:00 0 
a7a7c000-a7cbc000 rwxp 00000000 00:00 0 
a7cbc000-b6a7c000 ---p 00000000 00:00 0 
b6a7c000-b6a87000 r-xp 00000000 08:01 4980833    /lib/i386-linux-gnu/libnss_files-2.23.so
b6a87000-b6a88000 r--p 0000a000 08:01 4980833    /lib/i386-linux-gnu/libnss_files-2.23.so
b6a88000-b6a89000 rw-p 0000b000 08:01 4980833    /lib/i386-linux-gnu/libnss_files-2.23.so
b6a89000-b6a8f000 rw-p 00000000 00:00 0 
b6a8f000-b6a9a000 r-xp 00000000 08:01 4982240    /lib/i386-linux-gnu/libnss_nis-2.23.so
b6a9a000-b6a9b000 r--p 0000a000 08:01 4982240    /lib/i386-linux-gnu/libnss_nis-2.23.so
b6a9b000-b6a9c000 rw-p 0000b000 08:01 4982240    /lib/i386-linux-gnu/libnss_nis-2.23.so
b6a9c000-b6ab3000 r-xp 00000000 08:01 4980751    /lib/i386-linux-gnu/libnsl-2.23.so
b6ab3000-b6ab4000 r--p 00016000 08:01 4980751    /lib/i386-linux-gnu/libnsl-2.23.so
b6ab4000-b6ab5000 rw-p 00017000 08:01 4980751    /lib/i386-linux-gnu/libnsl-2.23.so
b6ab5000-b6ab7000 rw-p 00000000 00:00 0 
b6ab7000-b6abf000 r-xp 00000000 08:01 4980828    /lib/i386-linux-gnu/libnss_compat-2.23.so
b6abf000-b6ac0000 r--p 00007000 08:01 4980828    /lib/i386-linux-gnu/libnss_compat-2.23.so
b6ac0000-b6ac1000 rw-p 00008000 08:01 4980828    /lib/i386-linux-gnu/libnss_compat-2.23.so
b6ac1000-b6ac2000 r--s 00002000 08:01 6166012    /home/ahmed/.m2/repository/org/slf4j/slf4j-log4j12/1.7.25/slf4j-log4j12-1.7.25.jar
b6ac2000-b6ac3000 r--s 0000a000 08:01 6690409    /usr/lib/jvm/java-8-openjdk-i386/jre/lib/ext/jaccess.jar
b6ac3000-b6acd000 r--s 00116000 08:01 6690133    /usr/lib/jvm/java-8-openjdk-i386/jre/lib/ext/localedata.jar
b6acd000-b6ad5000 r-xp 00000000 08:01 6691544    /usr/lib/jvm/java-8-openjdk-i386/jre/lib/i386/libzip.so
b6ad5000-b6ad6000 r--p 00007000 08:01 6691544    /usr/lib/jvm/java-8-openjdk-i386/jre/lib/i386/libzip.so
b6ad6000-b6ad7000 rw-p 00008000 08:01 6691544    /usr/lib/jvm/java-8-openjdk-i386/jre/lib/i386/libzip.so
b6ad7000-b6afe000 r-xp 00000000 08:01 6691112    /usr/lib/jvm/java-8-openjdk-i386/jre/lib/i386/libjava.so
b6afe000-b6aff000 r--p 00026000 08:01 6691112    /usr/lib/jvm/java-8-openjdk-i386/jre/lib/i386/libjava.so
b6aff000-b6b00000 rw-p 00027000 08:01 6691112    /usr/lib/jvm/java-8-openjdk-i386/jre/lib/i386/libjava.so
b6b00000-b6bfb000 rw-p 00000000 00:00 0 
b6bfb000-b6c00000 ---p 00000000 00:00 0 
b6c00000-b6c08000 rw-s 00000000 08:01 2238755    /tmp/hsperfdata_ahmed/4726
b6c08000-b6c0f000 r-xp 00000000 08:01 4982287    /lib/i386-linux-gnu/librt-2.23.so
b6c0f000-b6c10000 r--p 00006000 08:01 4982287    /lib/i386-linux-gnu/librt-2.23.so
b6c10000-b6c11000 rw-p 00007000 08:01 4982287    /lib/i386-linux-gnu/librt-2.23.so
b6c11000-b6c14000 ---p 00000000 00:00 0 
b6c14000-b6c62000 rw-p 00000000 00:00 0 
b6c62000-b6c7e000 r-xp 00000000 08:01 4982308    /lib/i386-linux-gnu/libgcc_s.so.1
b6c7e000-b6c7f000 rw-p 0001b000 08:01 4982308    /lib/i386-linux-gnu/libgcc_s.so.1
b6c7f000-b6cd2000 r-xp 00000000 08:01 4980741    /lib/i386-linux-gnu/libm-2.23.so
b6cd2000-b6cd3000 r--p 00052000 08:01 4980741    /lib/i386-linux-gnu/libm-2.23.so
b6cd3000-b6cd4000 rw-p 00053000 08:01 4980741    /lib/i386-linux-gnu/libm-2.23.so
b6cd4000-b6e41000 r-xp 00000000 08:01 6685071    /usr/lib/i386-linux-gnu/libstdc++.so.6.0.21
b6e41000-b6e42000 ---p 0016d000 08:01 6685071    /usr/lib/i386-linux-gnu/libstdc++.so.6.0.21
b6e42000-b6e47000 r--p 0016d000 08:01 6685071    /usr/lib/i386-linux-gnu/libstdc++.so.6.0.21
b6e47000-b6e48000 rw-p 00172000 08:01 6685071    /usr/lib/i386-linux-gnu/libstdc++.so.6.0.21
b6e48000-b6e4b000 rw-p 00000000 00:00 0 
b6e4b000-b791c000 r-xp 00000000 08:01 6691324    /usr/lib/jvm/java-8-openjdk-i386/jre/lib/i386/server/libjvm.so
b791c000-b7962000 r--p 00ad0000 08:01 6691324    /usr/lib/jvm/java-8-openjdk-i386/jre/lib/i386/server/libjvm.so
b7962000-b7979000 rw-p 00b16000 08:01 6691324    /usr/lib/jvm/java-8-openjdk-i386/jre/lib/i386/server/libjvm.so
b7979000-b7d99000 rw-p 00000000 00:00 0 
b7d99000-b7db2000 r-xp 00000000 08:01 4980761    /lib/i386-linux-gnu/libpthread-2.23.so
b7db2000-b7db3000 r--p 00018000 08:01 4980761    /lib/i386-linux-gnu/libpthread-2.23.so
b7db3000-b7db4000 rw-p 00019000 08:01 4980761    /lib/i386-linux-gnu/libpthread-2.23.so
b7db4000-b7db6000 rw-p 00000000 00:00 0 
b7db6000-b7db9000 r-xp 00000000 08:01 4980822    /lib/i386-linux-gnu/libdl-2.23.so
b7db9000-b7dba000 r--p 00002000 08:01 4980822    /lib/i386-linux-gnu/libdl-2.23.so
b7dba000-b7dbb000 rw-p 00003000 08:01 4980822    /lib/i386-linux-gnu/libdl-2.23.so
b7dbb000-b7dbc000 rw-p 00000000 00:00 0 
b7dbc000-b7dd5000 r-xp 00000000 08:01 4982459    /lib/i386-linux-gnu/libz.so.1.2.8
b7dd5000-b7dd6000 r--p 00018000 08:01 4982459    /lib/i386-linux-gnu/libz.so.1.2.8
b7dd6000-b7dd7000 rw-p 00019000 08:01 4982459    /lib/i386-linux-gnu/libz.so.1.2.8
b7dd7000-b7f87000 r-xp 00000000 08:01 4980820    /lib/i386-linux-gnu/libc-2.23.so
b7f87000-b7f89000 r--p 001af000 08:01 4980820    /lib/i386-linux-gnu/libc-2.23.so
b7f89000-b7f8a000 rw-p 001b1000 08:01 4980820    /lib/i386-linux-gnu/libc-2.23.so
b7f8a000-b7f8d000 rw-p 00000000 00:00 0 
b7f8d000-b7f8e000 r--s 00010000 08:01 6690109    /usr/lib/jvm/java-8-openjdk-i386/jre/lib/ext/zipfs.jar
b7f8e000-b7f90000 r--s 00001000 08:01 6690421    /usr/lib/jvm/java-8-openjdk-i386/jre/lib/ext/dnsns.jar
b7f90000-b7f91000 r--p 002d4000 08:01 6690927    /usr/lib/locale/locale-archive
b7f91000-b7f92000 rw-p 00000000 00:00 0 
b7f92000-b7f93000 r--p 00000000 00:00 0 
b7f93000-b7fa1000 r-xp 00000000 08:01 6691533    /usr/lib/jvm/java-8-openjdk-i386/jre/lib/i386/libverify.so
b7fa1000-b7fa2000 r--p 0000d000 08:01 6691533    /usr/lib/jvm/java-8-openjdk-i386/jre/lib/i386/libverify.so
b7fa2000-b7fa3000 rw-p 0000e000 08:01 6691533    /usr/lib/jvm/java-8-openjdk-i386/jre/lib/i386/libverify.so
b7fa3000-b7fb0000 r-xp 00000000 08:01 6816054    /usr/lib/jvm/java-8-openjdk-i386/jre/lib/i386/jli/libjli.so
b7fb0000-b7fb1000 r--p 0000c000 08:01 6816054    /usr/lib/jvm/java-8-openjdk-i386/jre/lib/i386/jli/libjli.so
b7fb1000-b7fb2000 rw-p 0000d000 08:01 6816054    /usr/lib/jvm/java-8-openjdk-i386/jre/lib/i386/jli/libjli.so
b7fb2000-b7fb3000 rw-p 00000000 00:00 0 
b7fb3000-b7fb6000 r--p 00000000 00:00 0          [vvar]
b7fb6000-b7fb8000 r-xp 00000000 00:00 0          [vdso]
b7fb8000-b7fdb000 r-xp 00000000 08:01 4980754    /lib/i386-linux-gnu/ld-2.23.so
b7fdb000-b7fdc000 r--p 00022000 08:01 4980754    /lib/i386-linux-gnu/ld-2.23.so
b7fdc000-b7fdd000 rw-p 00023000 08:01 4980754    /lib/i386-linux-gnu/ld-2.23.so
bfa10000-bfa32000 rw-p 00000000 00:00 0          [stack]

VM Arguments:
jvm_args: -Dfile.encoding=UTF-8 
java_command: test.app
java_class_path (initial): /usr/lib/jvm/java-8-openjdk-i386/jre/lib/resources.jar:/usr/lib/jvm/java-8-openjdk-i386/jre/lib/rt.jar:/usr/lib/jvm/java-8-openjdk-i386/jre/lib/jsse.jar:/usr/lib/jvm/java-8-openjdk-i386/jre/lib/jce.jar:/usr/lib/jvm/java-8-openjdk-i386/jre/lib/charsets.jar:/usr/lib/jvm/java-8-openjdk-i386/jre/lib/ext/dnsns.jar:/usr/lib/jvm/java-8-openjdk-i386/jre/lib/ext/cldrdata.jar:/usr/lib/jvm/java-8-openjdk-i386/jre/lib/ext/localedata.jar:/usr/lib/jvm/java-8-openjdk-i386/jre/lib/ext/nashorn.jar:/usr/lib/jvm/java-8-openjdk-i386/jre/lib/ext/sunpkcs11.jar:/usr/lib/jvm/java-8-openjdk-i386/jre/lib/ext/icedtea-sound.jar:/usr/lib/jvm/java-8-openjdk-i386/jre/lib/ext/zipfs.jar:/usr/lib/jvm/java-8-openjdk-i386/jre/lib/ext/jaccess.jar:/usr/lib/jvm/java-8-openjdk-i386/jre/lib/ext/sunec.jar:/usr/lib/jvm/java-8-openjdk-i386/jre/lib/ext/sunjce_provider.jar:/home/ahmed/eclipse-workspace/parser/target/classes:/home/ahmed/.m2/repository/org/apache/jena/jena-core/3.7.0-SNAPSHOT/jena-core-3.7.0-SNAPSHOT.jar:/home/ahmed/.m2/repository/org/apache/jena/jena-iri/3.7.0-SNAPSHOT/jena-iri-3.7.0-SNAPSHOT.jar:/home/ahmed/.m2/repository/xerces/xercesImpl/2.11.0/xercesImpl-2.11.0.jar:/home/ahmed/.m2/repository/xml-apis/xml-apis/1.4.01/xml-apis-1.4.01.jar:/home/ahmed/.m2/repository/commons-cli/commons-cli/1.4/commons-cli-1.4.jar:/home/ahmed/.m2/repository/org/apache/jena/jena-base/3.7.0-SNAPSHOT/jena-base-3.7.0-SNAPSHOT.jar:/home/ahmed/.m2/repository/org/apache/jena/jena-arq/3.6.0/jena-arq-3.6.0.jar:/home/ahmed/.m2/repository/org/apache/httpcomponents/httpclient/4.5.3/httpclient-4.5.3.jar:/home/ahmed/.m2/repository/org/apache/httpcomponents/httpcore/4.4.6/httpcore-4.4.6.jar:/home/ahmed/.m2/repository/org/apache/commons/commons-csv/1.5/commons-csv-1.5.jar:/home/ahmed/.m2/repository/commons-io/commons-io/2.6/commons-io-2.6.jar:/home/ahmed/.m2/repository/com/github/andrewoma/dexx/collection/0.7/collection-0.7.jar:/home/ahmed/.m2/repository/org/apache/jena/jena-shaded-guava/3.7.0-SNAPSH
Launcher Type: SUN_STANDARD

Environment Variables:
PATH=/home/ahmed/bin:/home/ahmed/.local/bin:/usr/local/sbin:/usr/local/bin:/usr/sbin:/usr/bin:/sbin:/bin:/usr/games:/usr/local/games:/snap/bin
LD_LIBRARY_PATH=/usr/lib/jvm/java-8-openjdk-i386/jre/lib/i386/server:/usr/lib/jvm/java-8-openjdk-i386/jre/lib/i386:
SHELL=/bin/bash
DISPLAY=:0

Signal Handlers:
SIGSEGV: [libjvm.so+0x8d7370], sa_mask[0]=11111111011111111101111111111110, sa_flags=SA_RESTART|SA_SIGINFO
SIGBUS: [libjvm.so+0x8d7370], sa_mask[0]=11111111011111111101111111111110, sa_flags=SA_RESTART|SA_SIGINFO
SIGFPE: [libjvm.so+0x73d1c0], sa_mask[0]=11111111011111111101111111111110, sa_flags=SA_RESTART|SA_SIGINFO
SIGPIPE: [libjvm.so+0x73d1c0], sa_mask[0]=11111111011111111101111111111110, sa_flags=SA_RESTART|SA_SIGINFO
SIGXFSZ: [libjvm.so+0x73d1c0], sa_mask[0]=11111111011111111101111111111110, sa_flags=SA_RESTART|SA_SIGINFO
SIGILL: [libjvm.so+0x73d1c0], sa_mask[0]=11111111011111111101111111111110, sa_flags=SA_RESTART|SA_SIGINFO
SIGUSR1: SIG_DFL, sa_mask[0]=00000000000000000000000000000000, sa_flags=none
SIGUSR2: [libjvm.so+0x73d000], sa_mask[0]=00100000000000000000000000000000, sa_flags=SA_RESTART|SA_SIGINFO
SIGHUP: [libjvm.so+0x73d790], sa_mask[0]=11111111011111111101111111111110, sa_flags=SA_RESTART|SA_SIGINFO
SIGINT: [libjvm.so+0x73d790], sa_mask[0]=11111111011111111101111111111110, sa_flags=SA_RESTART|SA_SIGINFO
SIGTERM: [libjvm.so+0x73d790], sa_mask[0]=11111111011111111101111111111110, sa_flags=SA_RESTART|SA_SIGINFO
SIGQUIT: [libjvm.so+0x73d790], sa_mask[0]=11111111011111111101111111111110, sa_flags=SA_RESTART|SA_SIGINFO


---------------  S Y S T E M  ---------------

OS:DISTRIB_ID=Ubuntu
DISTRIB_RELEASE=16.04
DISTRIB_CODENAME=xenial
DISTRIB_DESCRIPTION="Ubuntu 16.04.3 LTS"

uname:Linux 4.13.0-36-generic #40~16.04.1-Ubuntu SMP Fri Feb 16 23:26:51 UTC 2018 i686
libc:glibc 2.23 NPTL 2.23 
rlimit: STACK 8192k, CORE 0k, NPROC 7612, NOFILE 1048576, AS infinity
load average:2.36 1.14 0.76

/proc/meminfo:
MemTotal:        1022100 kB
MemFree:           49632 kB
MemAvailable:          0 kB
Buffers:             724 kB
Cached:            35472 kB
SwapCached:          516 kB
Active:           435536 kB
Inactive:         435632 kB
Active(anon):     426412 kB
Inactive(anon):   426464 kB
Active(file):       9124 kB
Inactive(file):     9168 kB
Unevictable:          48 kB
Mlocked:              48 kB
HighTotal:        139208 kB
HighFree:            132 kB
LowTotal:         882892 kB
LowFree:           49500 kB
SwapTotal:       1045500 kB
SwapFree:              0 kB
Dirty:               120 kB
Writeback:          1528 kB
AnonPages:        834536 kB
Mapped:            14448 kB
Shmem:             17880 kB
Slab:              30692 kB
SReclaimable:      13660 kB
SUnreclaim:        17032 kB
KernelStack:        5072 kB
PageTables:        14800 kB
NFS_Unstable:          0 kB
Bounce:                0 kB
WritebackTmp:          0 kB
CommitLimit:     1556548 kB
Committed_AS:    6395544 kB
VmallocTotal:     122880 kB
VmallocUsed:           0 kB
VmallocChunk:          0 kB
AnonHugePages:         0 kB
ShmemHugePages:        0 kB
ShmemPmdMapped:        0 kB
CmaTotal:              0 kB
CmaFree:               0 kB
HugePages_Total:       0
HugePages_Free:        0
HugePages_Rsvd:        0
HugePages_Surp:        0
Hugepagesize:       2048 kB
DirectMap4k:       45048 kB
DirectMap2M:      864256 kB


CPU:total 1 (initial active 1) (1 cores per cpu, 1 threads per core) family 6 model 158 stepping 9, cmov, cx8, fxsr, mmx, sse, sse2, sse3, ssse3, sse4.1, sse4.2, popcnt, avx, avx2, aes, clmul, erms, rtm, 3dnowpref, lzcnt, tsc, bmi1, bmi2, adx

/proc/cpuinfo:
processor	: 0
vendor_id	: GenuineIntel
cpu family	: 6
model		: 158
model name	: Intel(R) Core(TM) i5-7440HQ CPU @ 2.80GHz
stepping	: 9
microcode	: 0xffffffff
cpu MHz		: 2807.999
cache size	: 6144 KB
physical id	: 0
siblings	: 1
core id		: 0
cpu cores	: 1
apicid		: 0
initial apicid	: 0
fdiv_bug	: no
f00f_bug	: no
coma_bug	: no
fpu		: yes
fpu_exception	: yes
cpuid level	: 21
wp		: yes
flags		: fpu vme de pse tsc msr pae mce cx8 apic sep mtrr pge mca cmov pat pse36 clflush mmx fxsr sse sse2 ss syscall nx pdpe1gb rdtscp lm constant_tsc xtopology cpuid pni pclmulqdq ssse3 fma cx16 sse4_1 sse4_2 movbe popcnt aes xsave avx f16c rdrand hypervisor lahf_lm abm 3dnowprefetch retpoline rsb_ctxsw fsgsbase bmi1 hle avx2 smep bmi2 erms rtm mpx rdseed adx smap clflushopt xsaveopt xsavec xsaves
bugs		: cpu_meltdown spectre_v1 spectre_v2
bogomips	: 5615.99
clflush size	: 64
cache_alignment	: 64
address sizes	: 39 bits physical, 48 bits virtual
power management:



Memory: 4k page, physical 1022100k(49632k free), swap 1045500k(0k free)

vm_info: OpenJDK Server VM (25.151-b12) for linux-x86 JRE (1.8.0_151-8u151-b12-0ubuntu0.16.04.2-b12), built on Oct 27 2017 22:05:04 by "buildd" with gcc 5.4.0 20160609

time: Tue Mar  6 06:59:15 2018
elapsed time: 8 seconds (0d 0h 0m 8s)

