#
# There is insufficient memory for the Java Runtime Environment to continue.
# Native memory allocation (mmap) failed to map 131072 bytes for committing reserved memory.
# Possible reasons:
#   The system is out of physical RAM or swap space
#   In 32 bit mode, the process size limit was hit
# Possible solutions:
#   Reduce memory load on the system
#   Increase physical memory or swap space
#   Check if swap backing store is full
#   Use 64 bit Java on a 64 bit OS
#   Decrease Java heap size (-Xmx/-Xms)
#   Decrease number of Java threads
#   Decrease Java thread stack sizes (-Xss)
#   Set larger code cache with -XX:ReservedCodeCacheSize=
# This output file may be truncated or incomplete.
#
#  Out of Memory Error (os_linux.cpp:2643), pid=4725, tid=0xb6b97b40
#
# JRE version: OpenJDK Runtime Environment (8.0_151-b12) (build 1.8.0_151-8u151-b12-0ubuntu0.16.04.2-b12)
# Java VM: OpenJDK Server VM (25.151-b12 mixed mode linux-x86 )
# Failed to write core dump. Core dumps have been disabled. To enable core dumping, try "ulimit -c unlimited" before starting Java again
#

---------------  T H R E A D  ---------------

Current thread (0xb6a08c00):  JavaThread "main" [_thread_in_vm, id=4738, stack(0xb6b47000,0xb6b98000)]

Stack: [0xb6b47000,0xb6b98000],  sp=0xb6b930d0,  free space=304k
Native frames: (J=compiled Java code, j=interpreted, Vv=VM code, C=native code)
V  [libjvm.so+0x8d6834]
V  [libjvm.so+0x3a7c76]
V  [libjvm.so+0x7420c0]
V  [libjvm.so+0x73c013]
V  [libjvm.so+0x8d3264]
V  [libjvm.so+0x6cdd63]
V  [libjvm.so+0x6cdf7a]
V  [libjvm.so+0x6ceb05]
V  [libjvm.so+0x6cec5a]
V  [libjvm.so+0x6cfc9a]
V  [libjvm.so+0x6cfe8d]
V  [libjvm.so+0x6d5472]
V  [libjvm.so+0x3b196e]
V  [libjvm.so+0x3b4224]
V  [libjvm.so+0x31ab7a]
V  [libjvm.so+0x84d519]
V  [libjvm.so+0x55c01a]
V  [libjvm.so+0x55d4bc]  JVM_DefineClassWithSource+0x9c
C  [libjava.so+0xb357]  Java_java_lang_ClassLoader_defineClass1+0x1a7
J 477  java.lang.ClassLoader.defineClass1(Ljava/lang/String;[BIILjava/security/ProtectionDomain;Ljava/lang/String;)Ljava/lang/Class; (0 bytes) @ 0xa7b32f0b [0xa7b32e20+0xeb]
J 531 C1 java.lang.ClassLoader.defineClass(Ljava/lang/String;[BIILjava/security/ProtectionDomain;)Ljava/lang/Class; (43 bytes) @ 0xa7b66f4f [0xa7b66aa0+0x4af]
J 471 C1 java.net.URLClassLoader.defineClass(Ljava/lang/String;Lsun/misc/Resource;)Ljava/lang/Class; (142 bytes) @ 0xa7b3c981 [0xa7b3b2e0+0x16a1]
J 382 C1 java.net.URLClassLoader$1.run()Ljava/lang/Class; (63 bytes) @ 0xa7af96f8 [0xa7af94c0+0x238]
J 381 C1 java.net.URLClassLoader$1.run()Ljava/lang/Object; (5 bytes) @ 0xa7af9250 [0xa7af91e0+0x70]
v  ~StubRoutines::call_stub
V  [libjvm.so+0x51faad]
V  [libjvm.so+0x746985]
V  [libjvm.so+0x51ebea]
V  [libjvm.so+0x56b9c4]  JVM_DoPrivileged+0x434
C  [libjava.so+0x9e15]  Java_java_security_AccessController_doPrivileged__Ljava_security_PrivilegedExceptionAction_2Ljava_security_AccessControlContext_2+0x25
J 343  java.security.AccessController.doPrivileged(Ljava/security/PrivilegedExceptionAction;Ljava/security/AccessControlContext;)Ljava/lang/Object; (0 bytes) @ 0xa7adfd4c [0xa7adfca0+0xac]
J 380 C1 java.net.URLClassLoader.findClass(Ljava/lang/String;)Ljava/lang/Class; (47 bytes) @ 0xa7af50f2 [0xa7af4fc0+0x132]
J 293 C1 java.lang.ClassLoader.loadClass(Ljava/lang/String;Z)Ljava/lang/Class; (122 bytes) @ 0xa7ad31e7 [0xa7ad2aa0+0x747]
J 356 C1 sun.misc.Launcher$AppClassLoader.loadClass(Ljava/lang/String;Z)Ljava/lang/Class; (85 bytes) @ 0xa7aea437 [0xa7ae9ca0+0x797]
J 355 C1 java.lang.ClassLoader.loadClass(Ljava/lang/String;)Ljava/lang/Class; (7 bytes) @ 0xa7ae237f [0xa7ae22a0+0xdf]
v  ~StubRoutines::call_stub
V  [libjvm.so+0x51faad]
V  [libjvm.so+0x746985]
V  [libjvm.so+0x51d586]
V  [libjvm.so+0x51dafb]
V  [libjvm.so+0x853e83]
V  [libjvm.so+0x8528ff]
V  [libjvm.so+0x854906]
V  [libjvm.so+0x39b0be]
V  [libjvm.so+0x50d7c1]
j  org.apache.jena.enhanced.BuiltinPersonalities.<clinit>()V+272
v  ~StubRoutines::call_stub
V  [libjvm.so+0x51faad]
V  [libjvm.so+0x746985]
V  [libjvm.so+0x51ebea]
V  [libjvm.so+0x4ebfb8]
V  [libjvm.so+0x4ec367]
V  [libjvm.so+0x4ec7aa]
V  [libjvm.so+0x62ccfa]
V  [libjvm.so+0x62d12a]
V  [libjvm.so+0x512148]
j  org.apache.jena.rdf.model.impl.ModelCom.<init>(Lorg/apache/jena/graph/Graph;)V+2
j  org.apache.jena.rdf.model.ModelFactory.createDefaultModel()Lorg/apache/jena/rdf/model/Model;+7
j  org.apache.jena.vocabulary.DC_11.<clinit>()V+0
v  ~StubRoutines::call_stub
V  [libjvm.so+0x51faad]
V  [libjvm.so+0x746985]
V  [libjvm.so+0x51ebea]
V  [libjvm.so+0x4ebfb8]
V  [libjvm.so+0x4ec367]
V  [libjvm.so+0x4ec7aa]
V  [libjvm.so+0x62d508]
V  [libjvm.so+0x63147a]
V  [libjvm.so+0x633a38]
V  [libjvm.so+0x513af7]
j  org.apache.jena.shared.PrefixMapping.<clinit>()V+25
v  ~StubRoutines::call_stub
V  [libjvm.so+0x51faad]
V  [libjvm.so+0x746985]
V  [libjvm.so+0x51ebea]
V  [libjvm.so+0x4ebfb8]
V  [libjvm.so+0x4ec367]
V  [libjvm.so+0x4ec7aa]
V  [libjvm.so+0x4e62f6]
V  [libjvm.so+0x4ec625]
V  [libjvm.so+0x4ec7aa]
V  [libjvm.so+0x50e79f]
j  org.apache.jena.sparql.ARQConstants.<clinit>()V+0
v  ~StubRoutines::call_stub
V  [libjvm.so+0x51faad]
V  [libjvm.so+0x746985]
V  [libjvm.so+0x51ebea]
V  [libjvm.so+0x4ebfb8]
V  [libjvm.so+0x4ec367]
V  [libjvm.so+0x4ec7aa]
V  [libjvm.so+0x62d508]
V  [libjvm.so+0x63147a]
V  [libjvm.so+0x633a38]
V  [libjvm.so+0x513af7]
j  org.apache.jena.query.ARQ.init()V+44
j  org.apache.jena.sparql.system.InitARQ.start()V+0
j  org.apache.jena.system.JenaSystem.lambda$init$2(Lorg/apache/jena/system/JenaSubsystemLifecycle;)V+20
j  org.apache.jena.system.JenaSystem$$Lambda$3.accept(Ljava/lang/Object;)V+4
j  java.util.ArrayList.forEach(Ljava/util/function/Consumer;)V+47
j  org.apache.jena.system.JenaSystem.forEach(Ljava/util/function/Consumer;Ljava/util/Comparator;)V+16
...<more frames>...

Java frames: (J=compiled Java code, j=interpreted, Vv=VM code)
J 477  java.lang.ClassLoader.defineClass1(Ljava/lang/String;[BIILjava/security/ProtectionDomain;Ljava/lang/String;)Ljava/lang/Class; (0 bytes) @ 0xa7b32ec7 [0xa7b32e20+0xa7]
J 531 C1 java.lang.ClassLoader.defineClass(Ljava/lang/String;[BIILjava/security/ProtectionDomain;)Ljava/lang/Class; (43 bytes) @ 0xa7b66f4f [0xa7b66aa0+0x4af]
J 471 C1 java.net.URLClassLoader.defineClass(Ljava/lang/String;Lsun/misc/Resource;)Ljava/lang/Class; (142 bytes) @ 0xa7b3c981 [0xa7b3b2e0+0x16a1]
J 382 C1 java.net.URLClassLoader$1.run()Ljava/lang/Class; (63 bytes) @ 0xa7af96f8 [0xa7af94c0+0x238]
J 381 C1 java.net.URLClassLoader$1.run()Ljava/lang/Object; (5 bytes) @ 0xa7af9250 [0xa7af91e0+0x70]
v  ~StubRoutines::call_stub
J 343  java.security.AccessController.doPrivileged(Ljava/security/PrivilegedExceptionAction;Ljava/security/AccessControlContext;)Ljava/lang/Object; (0 bytes) @ 0xa7adfd08 [0xa7adfca0+0x68]
J 380 C1 java.net.URLClassLoader.findClass(Ljava/lang/String;)Ljava/lang/Class; (47 bytes) @ 0xa7af50f2 [0xa7af4fc0+0x132]
J 293 C1 java.lang.ClassLoader.loadClass(Ljava/lang/String;Z)Ljava/lang/Class; (122 bytes) @ 0xa7ad31e7 [0xa7ad2aa0+0x747]
J 356 C1 sun.misc.Launcher$AppClassLoader.loadClass(Ljava/lang/String;Z)Ljava/lang/Class; (85 bytes) @ 0xa7aea437 [0xa7ae9ca0+0x797]
J 355 C1 java.lang.ClassLoader.loadClass(Ljava/lang/String;)Ljava/lang/Class; (7 bytes) @ 0xa7ae237f [0xa7ae22a0+0xdf]
v  ~StubRoutines::call_stub
j  org.apache.jena.enhanced.BuiltinPersonalities.<clinit>()V+272
v  ~StubRoutines::call_stub
j  org.apache.jena.rdf.model.impl.ModelCom.<init>(Lorg/apache/jena/graph/Graph;)V+2
j  org.apache.jena.rdf.model.ModelFactory.createDefaultModel()Lorg/apache/jena/rdf/model/Model;+7
j  org.apache.jena.vocabulary.DC_11.<clinit>()V+0
v  ~StubRoutines::call_stub
j  org.apache.jena.shared.PrefixMapping.<clinit>()V+25
v  ~StubRoutines::call_stub
j  org.apache.jena.sparql.ARQConstants.<clinit>()V+0
v  ~StubRoutines::call_stub
j  org.apache.jena.query.ARQ.init()V+44
j  org.apache.jena.sparql.system.InitARQ.start()V+0
j  org.apache.jena.system.JenaSystem.lambda$init$2(Lorg/apache/jena/system/JenaSubsystemLifecycle;)V+20
j  org.apache.jena.system.JenaSystem$$Lambda$3.accept(Ljava/lang/Object;)V+4
j  java.util.ArrayList.forEach(Ljava/util/function/Consumer;)V+47
j  org.apache.jena.system.JenaSystem.forEach(Ljava/util/function/Consumer;Ljava/util/Comparator;)V+16
j  org.apache.jena.system.JenaSystem.forEach(Ljava/util/function/Consumer;)V+4
j  org.apache.jena.system.JenaSystem.init()V+145
j  org.apache.jena.sparql.graph.GraphFactory.<clinit>()V+0
v  ~StubRoutines::call_stub
j  test.app.errorsFinder(Ljava/lang/String;)V+187
j  test.app.main([Ljava/lang/String;)V+11
v  ~StubRoutines::call_stub

---------------  P R O C E S S  ---------------

Java Threads: ( => current thread )
  0xb6a86400 JavaThread "Service Thread" daemon [_thread_blocked, id=4753, stack(0x96e5c000,0x96ead000)]
  0xb6a83000 JavaThread "C1 CompilerThread1" daemon [_thread_blocked, id=4751, stack(0x96ead000,0x96f2e000)]
  0xb6a81800 JavaThread "C2 CompilerThread0" daemon [_thread_blocked, id=4750, stack(0x96f2e000,0x96faf000)]
  0xb6a80000 JavaThread "Signal Dispatcher" daemon [_thread_blocked, id=4747, stack(0x96faf000,0x97000000)]
  0xb6a66000 JavaThread "Finalizer" daemon [_thread_blocked, id=4746, stack(0x97313000,0x97364000)]
  0xb6a63400 JavaThread "Reference Handler" daemon [_thread_blocked, id=4744, stack(0xa7423000,0xa7474000)]
=>0xb6a08c00 JavaThread "main" [_thread_in_vm, id=4738, stack(0xb6b47000,0xb6b98000)]

Other Threads:
  0xb6a5ec00 VMThread [stack: 0x97364000,0x973e5000] [id=4742]
  0xb6a88000 WatcherThread [stack: 0x96ddb000,0x96e5c000] [id=4756]

VM state:not at safepoint (normal execution)

VM Mutex/Monitor currently owned by a thread: None

Heap:
 def new generation   total 4928K, used 1713K [0x97a00000, 0x97f50000, 0x9cd50000)
  eden space 4416K,  27% used [0x97a00000, 0x97b2c458, 0x97e50000)
  from space 512K,  99% used [0x97e50000, 0x97ecfff8, 0x97ed0000)
  to   space 512K,   0% used [0x97ed0000, 0x97ed0000, 0x97f50000)
 tenured generation   total 10944K, used 1681K [0x9cd50000, 0x9d800000, 0xa7400000)
   the space 10944K,  15% used [0x9cd50000, 0x9cef4778, 0x9cef4800, 0x9d800000)
 Metaspace       used 5722K, capacity 5882K, committed 5912K, reserved 6448K

Card table byte_map: [0xa7571000,0xa75ef000] byte_map_base: 0xa70b4000

Polling page: 0xb7ec8000

CodeCache: size=245760Kb used=1853Kb max_used=1871Kb free=243906Kb
 bounds [0xa79af000, 0xa7bef000, 0xb69af000]
 total_blobs=727 nmethods=568 adapters=74
 compilation: enabled

Compilation events (10 events):
Event: 6.890 Thread 0xb6a83000  563       3       org.apache.xerces.impl.XMLEntityScanner::skipChar (231 bytes)
Event: 6.890 Thread 0xb6a83000 nmethod 563 0xa7b7ce08 code [0xa7b7cf60, 0xa7b7d434]
Event: 6.890 Thread 0xb6a83000  564       3       org.apache.xerces.util.XMLChar::isSpace (22 bytes)
Event: 6.890 Thread 0xb6a83000 nmethod 564 0xa7b79448 code [0xa7b79560, 0xa7b796a0]
Event: 6.890 Thread 0xb6a83000  565       1       org.apache.xerces.impl.dtd.models.CMNode::type (5 bytes)
Event: 6.890 Thread 0xb6a83000 nmethod 565 0xa7b7cc08 code [0xa7b7cd00, 0xa7b7cda0]
Event: 7.242 Thread 0xb6a83000  566       3       java.util.jar.Attributes$Name::equals (39 bytes)
Event: 7.243 Thread 0xb6a83000 nmethod 566 0xa7b7c648 code [0xa7b7c780, 0xa7b7cacc]
Event: 7.441 Thread 0xb6a81800  568       4       sun.misc.URLClassPath::getResource (83 bytes)
Event: 7.734 Thread 0xb6a81800 nmethod 568 0xa7b806c8 code [0xa7b80a80, 0xa7b823c0]

GC Heap History (10 events):
Event: 2.245 GC heap before
{Heap before GC invocations=1 (full 0):
 def new generation   total 4928K, used 4781K [0x97a00000, 0x97f50000, 0x9cd50000)
  eden space 4416K, 100% used [0x97a00000, 0x97e50000, 0x97e50000)
  from space 512K,  71% used [0x97ed0000, 0x97f2b4a8, 0x97f50000)
  to   space 512K,   0% used [0x97e50000, 0x97e50000, 0x97ed0000)
 tenured generation   total 10944K, used 0K [0x9cd50000, 0x9d800000, 0xa7400000)
   the space 10944K,   0% used [0x9cd50000, 0x9cd50000, 0x9cd50200, 0x9d800000)
 Metaspace       used 2624K, capacity 2758K, committed 2840K, reserved 4400K
Event: 2.290 GC heap after
Heap after GC invocations=2 (full 0):
 def new generation   total 4928K, used 388K [0x97a00000, 0x97f50000, 0x9cd50000)
  eden space 4416K,   0% used [0x97a00000, 0x97a00000, 0x97e50000)
  from space 512K,  75% used [0x97e50000, 0x97eb1180, 0x97ed0000)
  to   space 512K,   0% used [0x97ed0000, 0x97ed0000, 0x97f50000)
 tenured generation   total 10944K, used 317K [0x9cd50000, 0x9d800000, 0xa7400000)
   the space 10944K,   2% used [0x9cd50000, 0x9cd9f7c0, 0x9cd9f800, 0x9d800000)
 Metaspace       used 2624K, capacity 2758K, committed 2840K, reserved 4400K
}
Event: 3.313 GC heap before
{Heap before GC invocations=2 (full 0):
 def new generation   total 4928K, used 4804K [0x97a00000, 0x97f50000, 0x9cd50000)
  eden space 4416K, 100% used [0x97a00000, 0x97e50000, 0x97e50000)
  from space 512K,  75% used [0x97e50000, 0x97eb1180, 0x97ed0000)
  to   space 512K,   0% used [0x97ed0000, 0x97ed0000, 0x97f50000)
 tenured generation   total 10944K, used 317K [0x9cd50000, 0x9d800000, 0xa7400000)
   the space 10944K,   2% used [0x9cd50000, 0x9cd9f7c0, 0x9cd9f800, 0x9d800000)
 Metaspace       used 3197K, capacity 3336K, committed 3352K, reserved 4400K
Event: 3.316 GC heap after
Heap after GC invocations=3 (full 0):
 def new generation   total 4928K, used 512K [0x97a00000, 0x97f50000, 0x9cd50000)
  eden space 4416K,   0% used [0x97a00000, 0x97a00000, 0x97e50000)
  from space 512K, 100% used [0x97ed0000, 0x97f50000, 0x97f50000)
  to   space 512K,   0% used [0x97e50000, 0x97e50000, 0x97ed0000)
 tenured generation   total 10944K, used 716K [0x9cd50000, 0x9d800000, 0xa7400000)
   the space 10944K,   6% used [0x9cd50000, 0x9ce031f0, 0x9ce03200, 0x9d800000)
 Metaspace       used 3197K, capacity 3336K, committed 3352K, reserved 4400K
}
Event: 4.525 GC heap before
{Heap before GC invocations=3 (full 0):
 def new generation   total 4928K, used 4928K [0x97a00000, 0x97f50000, 0x9cd50000)
  eden space 4416K, 100% used [0x97a00000, 0x97e50000, 0x97e50000)
  from space 512K, 100% used [0x97ed0000, 0x97f50000, 0x97f50000)
  to   space 512K,   0% used [0x97e50000, 0x97e50000, 0x97ed0000)
 tenured generation   total 10944K, used 716K [0x9cd50000, 0x9d800000, 0xa7400000)
   the space 10944K,   6% used [0x9cd50000, 0x9ce031f0, 0x9ce03200, 0x9d800000)
 Metaspace       used 3758K, capacity 3912K, committed 3992K, reserved 4400K
Event: 4.537 GC heap after
Heap after GC invocations=4 (full 0):
 def new generation   total 4928K, used 511K [0x97a00000, 0x97f50000, 0x9cd50000)
  eden space 4416K,   0% used [0x97a00000, 0x97a00000, 0x97e50000)
  from space 512K,  99% used [0x97e50000, 0x97ecfff8, 0x97ed0000)
  to   space 512K,   0% used [0x97ed0000, 0x97ed0000, 0x97f50000)
 tenured generation   total 10944K, used 1000K [0x9cd50000, 0x9d800000, 0xa7400000)
   the space 10944K,   9% used [0x9cd50000, 0x9ce4a010, 0x9ce4a200, 0x9d800000)
 Metaspace       used 3758K, capacity 3912K, committed 3992K, reserved 4400K
}
Event: 6.278 GC heap before
{Heap before GC invocations=4 (full 0):
 def new generation   total 4928K, used 4912K [0x97a00000, 0x97f50000, 0x9cd50000)
  eden space 4416K,  99% used [0x97a00000, 0x97e4c320, 0x97e50000)
  from space 512K,  99% used [0x97e50000, 0x97ecfff8, 0x97ed0000)
  to   space 512K,   0% used [0x97ed0000, 0x97ed0000, 0x97f50000)
 tenured generation   total 10944K, used 1000K [0x9cd50000, 0x9d800000, 0xa7400000)
   the space 10944K,   9% used [0x9cd50000, 0x9ce4a010, 0x9ce4a200, 0x9d800000)
 Metaspace       used 4381K, capacity 4520K, committed 4632K, reserved 5424K
Event: 6.290 GC heap after
Heap after GC invocations=5 (full 0):
 def new generation   total 4928K, used 511K [0x97a00000, 0x97f50000, 0x9cd50000)
  eden space 4416K,   0% used [0x97a00000, 0x97a00000, 0x97e50000)
  from space 512K,  99% used [0x97ed0000, 0x97f4fff8, 0x97f50000)
  to   space 512K,   0% used [0x97e50000, 0x97e50000, 0x97ed0000)
 tenured generation   total 10944K, used 1354K [0x9cd50000, 0x9d800000, 0xa7400000)
   the space 10944K,  12% used [0x9cd50000, 0x9cea2b20, 0x9cea2c00, 0x9d800000)
 Metaspace       used 4381K, capacity 4520K, committed 4632K, reserved 5424K
}
Event: 7.660 GC heap before
{Heap before GC invocations=5 (full 0):
 def new generation   total 4928K, used 4927K [0x97a00000, 0x97f50000, 0x9cd50000)
  eden space 4416K, 100% used [0x97a00000, 0x97e50000, 0x97e50000)
  from space 512K,  99% used [0x97ed0000, 0x97f4fff8, 0x97f50000)
  to   space 512K,   0% used [0x97e50000, 0x97e50000, 0x97ed0000)
 tenured generation   total 10944K, used 1354K [0x9cd50000, 0x9d800000, 0xa7400000)
   the space 10944K,  12% used [0x9cd50000, 0x9cea2b20, 0x9cea2c00, 0x9d800000)
 Metaspace       used 5212K, capacity 5402K, committed 5528K, reserved 6448K
Event: 7.702 GC heap after
Heap after GC invocations=6 (full 0):
 def new generation   total 4928K, used 511K [0x97a00000, 0x97f50000, 0x9cd50000)
  eden space 4416K,   0% used [0x97a00000, 0x97a00000, 0x97e50000)
  from space 512K,  99% used [0x97e50000, 0x97ecfff8, 0x97ed0000)
  to   space 512K,   0% used [0x97ed0000, 0x97ed0000, 0x97f50000)
 tenured generation   total 10944K, used 1681K [0x9cd50000, 0x9d800000, 0xa7400000)
   the space 10944K,  15% used [0x9cd50000, 0x9cef4778, 0x9cef4800, 0x9d800000)
 Metaspace       used 5212K, capacity 5402K, committed 5528K, reserved 6448K
}

Deoptimization events (0 events):
No events

Internal exceptions (10 events):
Event: 0.317 Thread 0xb6a08c00 Exception <a 'java/lang/NoSuchMethodError': Method sun.misc.Unsafe.defineClass(Ljava/lang/String;[BII)Ljava/lang/Class; name or signature does not match> (0x97a06e90) thrown at [/build/openjdk-8-Y4imzb/openjdk-8-8u151-b12/src/hotspot/src/share/vm/prims/jn
Event: 0.317 Thread 0xb6a08c00 Exception <a 'java/lang/NoSuchMethodError': Method sun.misc.Unsafe.prefetchRead(Ljava/lang/Object;J)V name or signature does not match> (0x97a07160) thrown at [/build/openjdk-8-Y4imzb/openjdk-8-8u151-b12/src/hotspot/src/share/vm/prims/jni.cpp, line 4011]
Event: 0.996 Thread 0xb6a08c00 Exception <a 'java/lang/NoSuchFieldError': method resolution failed> (0x97d2eef0) thrown at [/build/openjdk-8-Y4imzb/openjdk-8-8u151-b12/src/hotspot/src/share/vm/prims/methodHandles.cpp, line 1146]
Event: 1.018 Thread 0xb6a08c00 Exception <a 'java/lang/NoSuchFieldError': method resolution failed> (0x97d3b128) thrown at [/build/openjdk-8-Y4imzb/openjdk-8-8u151-b12/src/hotspot/src/share/vm/prims/methodHandles.cpp, line 1146]
Event: 1.717 Thread 0xb6a08c00 Exception <a 'java/security/PrivilegedActionException'> (0x97dcad80) thrown at [/build/openjdk-8-Y4imzb/openjdk-8-8u151-b12/src/hotspot/src/share/vm/prims/jvm.cpp, line 1390]
Event: 1.773 Thread 0xb6a08c00 Exception <a 'java/security/PrivilegedActionException'> (0x97dcaf80) thrown at [/build/openjdk-8-Y4imzb/openjdk-8-8u151-b12/src/hotspot/src/share/vm/prims/jvm.cpp, line 1390]
Event: 1.773 Thread 0xb6a08c00 Exception <a 'java/security/PrivilegedActionException'> (0x97dccdc0) thrown at [/build/openjdk-8-Y4imzb/openjdk-8-8u151-b12/src/hotspot/src/share/vm/prims/jvm.cpp, line 1390]
Event: 1.773 Thread 0xb6a08c00 Exception <a 'java/security/PrivilegedActionException'> (0x97dccfc0) thrown at [/build/openjdk-8-Y4imzb/openjdk-8-8u151-b12/src/hotspot/src/share/vm/prims/jvm.cpp, line 1390]
Event: 1.773 Thread 0xb6a08c00 Exception <a 'java/security/PrivilegedActionException'> (0x97dcd9f8) thrown at [/build/openjdk-8-Y4imzb/openjdk-8-8u151-b12/src/hotspot/src/share/vm/prims/jvm.cpp, line 1390]
Event: 1.773 Thread 0xb6a08c00 Exception <a 'java/security/PrivilegedActionException'> (0x97dcdbf8) thrown at [/build/openjdk-8-Y4imzb/openjdk-8-8u151-b12/src/hotspot/src/share/vm/prims/jvm.cpp, line 1390]

Events (10 events):
Event: 7.921 loading class org/apache/jena/ontology/impl/DatatypePropertyImpl$1
Event: 7.921 loading class org/apache/jena/ontology/impl/DatatypePropertyImpl$1 done
Event: 7.927 loading class org/apache/jena/ontology/TransitiveProperty
Event: 7.927 loading class org/apache/jena/ontology/TransitiveProperty done
Event: 7.930 loading class org/apache/jena/ontology/impl/TransitivePropertyImpl
Event: 7.930 loading class org/apache/jena/ontology/impl/TransitivePropertyImpl done
Event: 7.931 loading class org/apache/jena/ontology/impl/TransitivePropertyImpl$1
Event: 7.931 loading class org/apache/jena/ontology/impl/TransitivePropertyImpl$1 done
Event: 8.024 loading class org/apache/jena/ontology/SymmetricProperty
Event: 8.024 loading class org/apache/jena/ontology/SymmetricProperty done


Dynamic libraries:
08048000-08049000 r-xp 00000000 08:01 6822321    /usr/lib/jvm/java-8-openjdk-i386/jre/bin/java
08049000-0804a000 r--p 00000000 08:01 6822321    /usr/lib/jvm/java-8-openjdk-i386/jre/bin/java
0804a000-0804b000 rw-p 00001000 08:01 6822321    /usr/lib/jvm/java-8-openjdk-i386/jre/bin/java
0952e000-096ef000 rw-p 00000000 00:00 0          [heap]
96400000-964c9000 rw-p 00000000 00:00 0 
964c9000-96500000 ---p 00000000 00:00 0 
96500000-96580000 rw-p 00000000 00:00 0 
965a0000-96600000 ---p 00000000 00:00 0 
96600000-96700000 rw-p 00000000 00:00 0 
96700000-96729000 rw-p 00000000 00:00 0 
96729000-96800000 ---p 00000000 00:00 0 
96800000-968fd000 rw-p 00000000 00:00 0 
968fd000-96900000 ---p 00000000 00:00 0 
96900000-96a00000 rw-p 00000000 00:00 0 
96a00000-96b00000 rw-p 00000000 00:00 0 
96b9e000-96ba7000 r--s 0006f000 08:01 6166014    /home/ahmed/.m2/repository/log4j/log4j/1.2.17/log4j-1.2.17.jar
96ba7000-96bae000 r--s 0004b000 08:01 6560412    /home/ahmed/.m2/repository/commons-codec/commons-codec/1.11/commons-codec-1.11.jar
96bae000-96bb5000 r--s 00064000 08:01 6825101    /home/ahmed/.m2/repository/org/apache/commons/commons-lang3/3.4/commons-lang3-3.4.jar
96bb5000-96bc8000 r--s 00132000 08:01 7348372    /home/ahmed/.m2/repository/com/fasterxml/jackson/core/jackson-databind/2.9.0/jackson-databind-2.9.0.jar
96bc8000-96c00000 r--s 0024e000 08:01 6705440    /home/ahmed/.m2/repository/org/apache/jena/jena-shaded-guava/3.7.0-SNAPSHOT/jena-shaded-guava-3.7.0-SNAPSHOT.jar
96c00000-96cfa000 rw-p 00000000 00:00 0 
96cfa000-96d00000 ---p 00000000 00:00 0 
96d00000-96d02000 r--s 00009000 08:01 6166010    /home/ahmed/.m2/repository/org/slf4j/slf4j-api/1.7.25/slf4j-api-1.7.25.jar
96d02000-96d04000 r--s 00003000 08:01 6296767    /home/ahmed/.m2/repository/org/slf4j/jcl-over-slf4j/1.7.25/jcl-over-slf4j-1.7.25.jar
96d04000-96d09000 r--s 00035000 08:01 7348379    /home/ahmed/.m2/repository/org/apache/thrift/libthrift/0.10.0/libthrift-0.10.0.jar
96d09000-96d0c000 r--s 00024000 08:01 7348377    /home/ahmed/.m2/repository/org/apache/httpcomponents/httpclient-cache/4.5.3/httpclient-cache-4.5.3.jar
96d0c000-96d0f000 r--s 0000e000 08:01 7348375    /home/ahmed/.m2/repository/com/fasterxml/jackson/core/jackson-annotations/2.9.0/jackson-annotations-2.9.0.jar
96d0f000-96d13000 r--s 0004b000 08:01 7348369    /home/ahmed/.m2/repository/com/fasterxml/jackson/core/jackson-core/2.9.0/jackson-core-2.9.0.jar
96d13000-96d16000 r--s 00018000 08:01 7348366    /home/ahmed/.m2/repository/com/github/jsonld-java/jsonld-java/0.11.1/jsonld-java-0.11.1.jar
96d16000-96d1b000 r--s 00024000 08:01 7225263    /home/ahmed/.m2/repository/com/github/andrewoma/dexx/collection/0.7/collection-0.7.jar
96d1b000-96d1f000 r--s 00031000 08:01 6705444    /home/ahmed/.m2/repository/commons-io/commons-io/2.6/commons-io-2.6.jar
96d1f000-96d21000 r--s 00009000 08:01 6705446    /home/ahmed/.m2/repository/org/apache/commons/commons-csv/1.5/commons-csv-1.5.jar
96d21000-96d29000 r--s 00048000 08:01 7348364    /home/ahmed/.m2/repository/org/apache/httpcomponents/httpcore/4.4.6/httpcore-4.4.6.jar
96d29000-96d36000 r--s 000aa000 08:01 7225261    /home/ahmed/.m2/repository/org/apache/httpcomponents/httpclient/4.5.3/httpclient-4.5.3.jar
96d36000-96d6a000 r--s 00295000 08:01 6296797    /home/ahmed/.m2/repository/org/apache/jena/jena-arq/3.6.0/jena-arq-3.6.0.jar
96d6a000-96d6f000 r--s 00030000 08:01 6560411    /home/ahmed/.m2/repository/org/apache/jena/jena-base/3.7.0-SNAPSHOT/jena-base-3.7.0-SNAPSHOT.jar
96d6f000-96d71000 r--s 0000c000 08:01 6296776    /home/ahmed/.m2/repository/commons-cli/commons-cli/1.4/commons-cli-1.4.jar
96d71000-96d7a000 r--s 0002d000 08:01 6296774    /home/ahmed/.m2/repository/xml-apis/xml-apis/1.4.01/xml-apis-1.4.01.jar
96d7a000-96d93000 r--s 00135000 08:01 6296769    /home/ahmed/.m2/repository/xerces/xercesImpl/2.11.0/xercesImpl-2.11.0.jar
96d93000-96dad000 r--s 00141000 08:01 6296761    /home/ahmed/.m2/repository/org/apache/jena/jena-core/3.7.0-SNAPSHOT/jena-core-3.7.0-SNAPSHOT.jar
96dad000-96dc0000 r--s 00346000 08:01 6692132    /usr/lib/jvm/java-8-openjdk-i386/jre/lib/resources.jar
96dc0000-96ddb000 r--s 001d6000 08:01 6690110    /usr/lib/jvm/java-8-openjdk-i386/jre/lib/ext/nashorn.jar
96ddb000-96ddc000 ---p 00000000 00:00 0 
96ddc000-96e5c000 rw-p 00000000 00:00 0 
96e5c000-96e5f000 ---p 00000000 00:00 0 
96e5f000-96ead000 rw-p 00000000 00:00 0 
96ead000-96eb0000 ---p 00000000 00:00 0 
96eb0000-96f2e000 rw-p 00000000 00:00 0 
96f2e000-96f31000 ---p 00000000 00:00 0 
96f31000-96faf000 rw-p 00000000 00:00 0 
96faf000-96fb2000 ---p 00000000 00:00 0 
96fb2000-97000000 rw-p 00000000 00:00 0 
97000000-97200000 r--p 00000000 08:01 6690927    /usr/lib/locale/locale-archive
97200000-972fc000 rw-p 00000000 00:00 0 
972fc000-97300000 ---p 00000000 00:00 0 
97300000-97305000 r--s 002f9000 08:01 6690851    /usr/lib/jvm/java-8-openjdk-i386/jre/lib/charsets.jar
97305000-97308000 r--s 00015000 08:01 6690105    /usr/lib/jvm/java-8-openjdk-i386/jre/lib/jce.jar
97308000-9730d000 r--s 0009a000 08:01 6692133    /usr/lib/jvm/java-8-openjdk-i386/jre/lib/jsse.jar
9730d000-97313000 r--s 0003a000 08:01 6690121    /usr/lib/jvm/java-8-openjdk-i386/jre/lib/ext/sunjce_provider.jar
97313000-97316000 ---p 00000000 00:00 0 
97316000-97364000 rw-p 00000000 00:00 0 
97364000-97365000 ---p 00000000 00:00 0 
97365000-973e5000 rw-p 00000000 00:00 0 
973e5000-975b4000 r--s 03c21000 08:01 6690103    /usr/lib/jvm/java-8-openjdk-i386/jre/lib/rt.jar
975b4000-979fa000 rw-p 00000000 00:00 0 
979fa000-97a00000 ---p 00000000 00:00 0 
97a00000-97f50000 rw-p 00000000 00:00 0 
97f50000-9cd50000 ---p 00000000 00:00 0 
9cd50000-9d800000 rw-p 00000000 00:00 0 
9d800000-a7400000 ---p 00000000 00:00 0 
a7400000-a7402000 r--s 00020000 08:01 6296762    /home/ahmed/.m2/repository/org/apache/jena/jena-iri/3.7.0-SNAPSHOT/jena-iri-3.7.0-SNAPSHOT.jar
a7402000-a7404000 r--s 00008000 08:01 6690126    /usr/lib/jvm/java-8-openjdk-i386/jre/lib/ext/sunec.jar
a7404000-a7408000 r--s 00037000 08:01 6690284    /usr/lib/jvm/java-8-openjdk-i386/jre/lib/ext/sunpkcs11.jar
a7408000-a7423000 r--s 00394000 08:01 6690108    /usr/lib/jvm/java-8-openjdk-i386/jre/lib/ext/cldrdata.jar
a7423000-a7426000 ---p 00000000 00:00 0 
a7426000-a7523000 rw-p 00000000 00:00 0 
a7523000-a7571000 ---p 00000000 00:00 0 
a7571000-a7574000 rw-p 00000000 00:00 0 
a7574000-a759a000 ---p 00000000 00:00 0 
a759a000-a75a0000 rw-p 00000000 00:00 0 
a75a0000-a75ee000 ---p 00000000 00:00 0 
a75ee000-a75f8000 rw-p 00000000 00:00 0 
a75f8000-a79af000 ---p 00000000 00:00 0 
a79af000-a7bef000 rwxp 00000000 00:00 0 
a7bef000-b69af000 ---p 00000000 00:00 0 
b69af000-b69ba000 r-xp 00000000 08:01 4980833    /lib/i386-linux-gnu/libnss_files-2.23.so
b69ba000-b69bb000 r--p 0000a000 08:01 4980833    /lib/i386-linux-gnu/libnss_files-2.23.so
b69bb000-b69bc000 rw-p 0000b000 08:01 4980833    /lib/i386-linux-gnu/libnss_files-2.23.so
b69bc000-b69c2000 rw-p 00000000 00:00 0 
b69c2000-b69cd000 r-xp 00000000 08:01 4982240    /lib/i386-linux-gnu/libnss_nis-2.23.so
b69cd000-b69ce000 r--p 0000a000 08:01 4982240    /lib/i386-linux-gnu/libnss_nis-2.23.so
b69ce000-b69cf000 rw-p 0000b000 08:01 4982240    /lib/i386-linux-gnu/libnss_nis-2.23.so
b69cf000-b69e6000 r-xp 00000000 08:01 4980751    /lib/i386-linux-gnu/libnsl-2.23.so
b69e6000-b69e7000 r--p 00016000 08:01 4980751    /lib/i386-linux-gnu/libnsl-2.23.so
b69e7000-b69e8000 rw-p 00017000 08:01 4980751    /lib/i386-linux-gnu/libnsl-2.23.so
b69e8000-b69ea000 rw-p 00000000 00:00 0 
b69ea000-b69eb000 r--s 00002000 08:01 6166012    /home/ahmed/.m2/repository/org/slf4j/slf4j-log4j12/1.7.25/slf4j-log4j12-1.7.25.jar
b69eb000-b69ec000 r--s 0000a000 08:01 6690409    /usr/lib/jvm/java-8-openjdk-i386/jre/lib/ext/jaccess.jar
b69ec000-b69f6000 r--s 00116000 08:01 6690133    /usr/lib/jvm/java-8-openjdk-i386/jre/lib/ext/localedata.jar
b69f6000-b69fe000 r-xp 00000000 08:01 6691544    /usr/lib/jvm/java-8-openjdk-i386/jre/lib/i386/libzip.so
b69fe000-b69ff000 r--p 00007000 08:01 6691544    /usr/lib/jvm/java-8-openjdk-i386/jre/lib/i386/libzip.so
b69ff000-b6a00000 rw-p 00008000 08:01 6691544    /usr/lib/jvm/java-8-openjdk-i386/jre/lib/i386/libzip.so
b6a00000-b6afb000 rw-p 00000000 00:00 0 
b6afb000-b6b00000 ---p 00000000 00:00 0 
b6b00000-b6b03000 r--s 0000f000 08:01 6690107    /usr/lib/jvm/java-8-openjdk-i386/jre/lib/ext/icedtea-sound.jar
b6b03000-b6b0b000 rw-s 00000000 08:01 2238756    /tmp/hsperfdata_ahmed/4725
b6b0b000-b6b13000 r-xp 00000000 08:01 4980828    /lib/i386-linux-gnu/libnss_compat-2.23.so
b6b13000-b6b14000 r--p 00007000 08:01 4980828    /lib/i386-linux-gnu/libnss_compat-2.23.so
b6b14000-b6b15000 rw-p 00008000 08:01 4980828    /lib/i386-linux-gnu/libnss_compat-2.23.so
b6b15000-b6b3c000 r-xp 00000000 08:01 6691112    /usr/lib/jvm/java-8-openjdk-i386/jre/lib/i386/libjava.so
b6b3c000-b6b3d000 r--p 00026000 08:01 6691112    /usr/lib/jvm/java-8-openjdk-i386/jre/lib/i386/libjava.so
b6b3d000-b6b3e000 rw-p 00027000 08:01 6691112    /usr/lib/jvm/java-8-openjdk-i386/jre/lib/i386/libjava.so
b6b3e000-b6b45000 r-xp 00000000 08:01 4982287    /lib/i386-linux-gnu/librt-2.23.so
b6b45000-b6b46000 r--p 00006000 08:01 4982287    /lib/i386-linux-gnu/librt-2.23.so
b6b46000-b6b47000 rw-p 00007000 08:01 4982287    /lib/i386-linux-gnu/librt-2.23.so
b6b47000-b6b4a000 ---p 00000000 00:00 0 
b6b4a000-b6b98000 rw-p 00000000 00:00 0 
b6b98000-b6bb4000 r-xp 00000000 08:01 4982308    /lib/i386-linux-gnu/libgcc_s.so.1
b6bb4000-b6bb5000 rw-p 0001b000 08:01 4982308    /lib/i386-linux-gnu/libgcc_s.so.1
b6bb5000-b6c08000 r-xp 00000000 08:01 4980741    /lib/i386-linux-gnu/libm-2.23.so
b6c08000-b6c09000 r--p 00052000 08:01 4980741    /lib/i386-linux-gnu/libm-2.23.so
b6c09000-b6c0a000 rw-p 00053000 08:01 4980741    /lib/i386-linux-gnu/libm-2.23.so
b6c0a000-b6d77000 r-xp 00000000 08:01 6685071    /usr/lib/i386-linux-gnu/libstdc++.so.6.0.21
b6d77000-b6d78000 ---p 0016d000 08:01 6685071    /usr/lib/i386-linux-gnu/libstdc++.so.6.0.21
b6d78000-b6d7d000 r--p 0016d000 08:01 6685071    /usr/lib/i386-linux-gnu/libstdc++.so.6.0.21
b6d7d000-b6d7e000 rw-p 00172000 08:01 6685071    /usr/lib/i386-linux-gnu/libstdc++.so.6.0.21
b6d7e000-b6d81000 rw-p 00000000 00:00 0 
b6d81000-b7852000 r-xp 00000000 08:01 6691324    /usr/lib/jvm/java-8-openjdk-i386/jre/lib/i386/server/libjvm.so
b7852000-b7898000 r--p 00ad0000 08:01 6691324    /usr/lib/jvm/java-8-openjdk-i386/jre/lib/i386/server/libjvm.so
b7898000-b78af000 rw-p 00b16000 08:01 6691324    /usr/lib/jvm/java-8-openjdk-i386/jre/lib/i386/server/libjvm.so
b78af000-b7ccf000 rw-p 00000000 00:00 0 
b7ccf000-b7ce8000 r-xp 00000000 08:01 4980761    /lib/i386-linux-gnu/libpthread-2.23.so
b7ce8000-b7ce9000 r--p 00018000 08:01 4980761    /lib/i386-linux-gnu/libpthread-2.23.so
b7ce9000-b7cea000 rw-p 00019000 08:01 4980761    /lib/i386-linux-gnu/libpthread-2.23.so
b7cea000-b7cec000 rw-p 00000000 00:00 0 
b7cec000-b7cef000 r-xp 00000000 08:01 4980822    /lib/i386-linux-gnu/libdl-2.23.so
b7cef000-b7cf0000 r--p 00002000 08:01 4980822    /lib/i386-linux-gnu/libdl-2.23.so
b7cf0000-b7cf1000 rw-p 00003000 08:01 4980822    /lib/i386-linux-gnu/libdl-2.23.so
b7cf1000-b7cf2000 rw-p 00000000 00:00 0 
b7cf2000-b7d0b000 r-xp 00000000 08:01 4982459    /lib/i386-linux-gnu/libz.so.1.2.8
b7d0b000-b7d0c000 r--p 00018000 08:01 4982459    /lib/i386-linux-gnu/libz.so.1.2.8
b7d0c000-b7d0d000 rw-p 00019000 08:01 4982459    /lib/i386-linux-gnu/libz.so.1.2.8
b7d0d000-b7ebd000 r-xp 00000000 08:01 4980820    /lib/i386-linux-gnu/libc-2.23.so
b7ebd000-b7ebf000 r--p 001af000 08:01 4980820    /lib/i386-linux-gnu/libc-2.23.so
b7ebf000-b7ec0000 rw-p 001b1000 08:01 4980820    /lib/i386-linux-gnu/libc-2.23.so
b7ec0000-b7ec3000 rw-p 00000000 00:00 0 
b7ec3000-b7ec4000 r--s 00010000 08:01 6690109    /usr/lib/jvm/java-8-openjdk-i386/jre/lib/ext/zipfs.jar
b7ec4000-b7ec6000 r--s 00001000 08:01 6690421    /usr/lib/jvm/java-8-openjdk-i386/jre/lib/ext/dnsns.jar
b7ec6000-b7ec7000 r--p 002d4000 08:01 6690927    /usr/lib/locale/locale-archive
b7ec7000-b7ec8000 rw-p 00000000 00:00 0 
b7ec8000-b7ec9000 r--p 00000000 00:00 0 
b7ec9000-b7ed7000 r-xp 00000000 08:01 6691533    /usr/lib/jvm/java-8-openjdk-i386/jre/lib/i386/libverify.so
b7ed7000-b7ed8000 r--p 0000d000 08:01 6691533    /usr/lib/jvm/java-8-openjdk-i386/jre/lib/i386/libverify.so
b7ed8000-b7ed9000 rw-p 0000e000 08:01 6691533    /usr/lib/jvm/java-8-openjdk-i386/jre/lib/i386/libverify.so
b7ed9000-b7ee6000 r-xp 00000000 08:01 6816054    /usr/lib/jvm/java-8-openjdk-i386/jre/lib/i386/jli/libjli.so
b7ee6000-b7ee7000 r--p 0000c000 08:01 6816054    /usr/lib/jvm/java-8-openjdk-i386/jre/lib/i386/jli/libjli.so
b7ee7000-b7ee8000 rw-p 0000d000 08:01 6816054    /usr/lib/jvm/java-8-openjdk-i386/jre/lib/i386/jli/libjli.so
b7ee8000-b7ee9000 rw-p 00000000 00:00 0 
b7ee9000-b7eec000 r--p 00000000 00:00 0          [vvar]
b7eec000-b7eee000 r-xp 00000000 00:00 0          [vdso]
b7eee000-b7f11000 r-xp 00000000 08:01 4980754    /lib/i386-linux-gnu/ld-2.23.so
b7f11000-b7f12000 r--p 00022000 08:01 4980754    /lib/i386-linux-gnu/ld-2.23.so
b7f12000-b7f13000 rw-p 00023000 08:01 4980754    /lib/i386-linux-gnu/ld-2.23.so
bfbee000-bfc10000 rw-p 00000000 00:00 0          [stack]

VM Arguments:
jvm_args: -Dfile.encoding=UTF-8 
java_command: test.app
java_class_path (initial): /usr/lib/jvm/java-8-openjdk-i386/jre/lib/resources.jar:/usr/lib/jvm/java-8-openjdk-i386/jre/lib/rt.jar:/usr/lib/jvm/java-8-openjdk-i386/jre/lib/jsse.jar:/usr/lib/jvm/java-8-openjdk-i386/jre/lib/jce.jar:/usr/lib/jvm/java-8-openjdk-i386/jre/lib/charsets.jar:/usr/lib/jvm/java-8-openjdk-i386/jre/lib/ext/dnsns.jar:/usr/lib/jvm/java-8-openjdk-i386/jre/lib/ext/cldrdata.jar:/usr/lib/jvm/java-8-openjdk-i386/jre/lib/ext/localedata.jar:/usr/lib/jvm/java-8-openjdk-i386/jre/lib/ext/nashorn.jar:/usr/lib/jvm/java-8-openjdk-i386/jre/lib/ext/sunpkcs11.jar:/usr/lib/jvm/java-8-openjdk-i386/jre/lib/ext/icedtea-sound.jar:/usr/lib/jvm/java-8-openjdk-i386/jre/lib/ext/zipfs.jar:/usr/lib/jvm/java-8-openjdk-i386/jre/lib/ext/jaccess.jar:/usr/lib/jvm/java-8-openjdk-i386/jre/lib/ext/sunec.jar:/usr/lib/jvm/java-8-openjdk-i386/jre/lib/ext/sunjce_provider.jar:/home/ahmed/eclipse-workspace/parser/target/classes:/home/ahmed/.m2/repository/org/apache/jena/jena-core/3.7.0-SNAPSHOT/jena-core-3.7.0-SNAPSHOT.jar:/home/ahmed/.m2/repository/org/apache/jena/jena-iri/3.7.0-SNAPSHOT/jena-iri-3.7.0-SNAPSHOT.jar:/home/ahmed/.m2/repository/xerces/xercesImpl/2.11.0/xercesImpl-2.11.0.jar:/home/ahmed/.m2/repository/xml-apis/xml-apis/1.4.01/xml-apis-1.4.01.jar:/home/ahmed/.m2/repository/commons-cli/commons-cli/1.4/commons-cli-1.4.jar:/home/ahmed/.m2/repository/org/apache/jena/jena-base/3.7.0-SNAPSHOT/jena-base-3.7.0-SNAPSHOT.jar:/home/ahmed/.m2/repository/org/apache/jena/jena-arq/3.6.0/jena-arq-3.6.0.jar:/home/ahmed/.m2/repository/org/apache/httpcomponents/httpclient/4.5.3/httpclient-4.5.3.jar:/home/ahmed/.m2/repository/org/apache/httpcomponents/httpcore/4.4.6/httpcore-4.4.6.jar:/home/ahmed/.m2/repository/org/apache/commons/commons-csv/1.5/commons-csv-1.5.jar:/home/ahmed/.m2/repository/commons-io/commons-io/2.6/commons-io-2.6.jar:/home/ahmed/.m2/repository/com/github/andrewoma/dexx/collection/0.7/collection-0.7.jar:/home/ahmed/.m2/repository/org/apache/jena/jena-shaded-guava/3.7.0-SNAPSH
Launcher Type: SUN_STANDARD

Environment Variables:
PATH=/home/ahmed/bin:/home/ahmed/.local/bin:/usr/local/sbin:/usr/local/bin:/usr/sbin:/usr/bin:/sbin:/bin:/usr/games:/usr/local/games:/snap/bin
LD_LIBRARY_PATH=/usr/lib/jvm/java-8-openjdk-i386/jre/lib/i386/server:/usr/lib/jvm/java-8-openjdk-i386/jre/lib/i386:
SHELL=/bin/bash
DISPLAY=:0

Signal Handlers:
SIGSEGV: [libjvm.so+0x8d7370], sa_mask[0]=11111111011111111101111111111110, sa_flags=SA_RESTART|SA_SIGINFO
SIGBUS: [libjvm.so+0x8d7370], sa_mask[0]=11111111011111111101111111111110, sa_flags=SA_RESTART|SA_SIGINFO
SIGFPE: [libjvm.so+0x73d1c0], sa_mask[0]=11111111011111111101111111111110, sa_flags=SA_RESTART|SA_SIGINFO
SIGPIPE: [libjvm.so+0x73d1c0], sa_mask[0]=11111111011111111101111111111110, sa_flags=SA_RESTART|SA_SIGINFO
SIGXFSZ: [libjvm.so+0x73d1c0], sa_mask[0]=11111111011111111101111111111110, sa_flags=SA_RESTART|SA_SIGINFO
SIGILL: [libjvm.so+0x73d1c0], sa_mask[0]=11111111011111111101111111111110, sa_flags=SA_RESTART|SA_SIGINFO
SIGUSR1: SIG_DFL, sa_mask[0]=00000000000000000000000000000000, sa_flags=none
SIGUSR2: [libjvm.so+0x73d000], sa_mask[0]=00100000000000000000000000000000, sa_flags=SA_RESTART|SA_SIGINFO
SIGHUP: [libjvm.so+0x73d790], sa_mask[0]=11111111011111111101111111111110, sa_flags=SA_RESTART|SA_SIGINFO
SIGINT: [libjvm.so+0x73d790], sa_mask[0]=11111111011111111101111111111110, sa_flags=SA_RESTART|SA_SIGINFO
SIGTERM: [libjvm.so+0x73d790], sa_mask[0]=11111111011111111101111111111110, sa_flags=SA_RESTART|SA_SIGINFO
SIGQUIT: [libjvm.so+0x73d790], sa_mask[0]=11111111011111111101111111111110, sa_flags=SA_RESTART|SA_SIGINFO


---------------  S Y S T E M  ---------------

OS:DISTRIB_ID=Ubuntu
DISTRIB_RELEASE=16.04
DISTRIB_CODENAME=xenial
DISTRIB_DESCRIPTION="Ubuntu 16.04.3 LTS"

uname:Linux 4.13.0-36-generic #40~16.04.1-Ubuntu SMP Fri Feb 16 23:26:51 UTC 2018 i686
libc:glibc 2.23 NPTL 2.23 
rlimit: STACK 8192k, CORE 0k, NPROC 7612, NOFILE 1048576, AS infinity
load average:2.36 1.14 0.76

/proc/meminfo:
MemTotal:        1022100 kB
MemFree:           49632 kB
MemAvailable:          0 kB
Buffers:             728 kB
Cached:            35468 kB
SwapCached:          516 kB
Active:           435536 kB
Inactive:         435632 kB
Active(anon):     426412 kB
Inactive(anon):   426464 kB
Active(file):       9124 kB
Inactive(file):     9168 kB
Unevictable:          48 kB
Mlocked:              48 kB
HighTotal:        139208 kB
HighFree:            132 kB
LowTotal:         882892 kB
LowFree:           49500 kB
SwapTotal:       1045500 kB
SwapFree:              0 kB
Dirty:               120 kB
Writeback:          1528 kB
AnonPages:        834536 kB
Mapped:            14304 kB
Shmem:             17880 kB
Slab:              30692 kB
SReclaimable:      13660 kB
SUnreclaim:        17032 kB
KernelStack:        5072 kB
PageTables:        14800 kB
NFS_Unstable:          0 kB
Bounce:                0 kB
WritebackTmp:          0 kB
CommitLimit:     1556548 kB
Committed_AS:    6395544 kB
VmallocTotal:     122880 kB
VmallocUsed:           0 kB
VmallocChunk:          0 kB
AnonHugePages:         0 kB
ShmemHugePages:        0 kB
ShmemPmdMapped:        0 kB
CmaTotal:              0 kB
CmaFree:               0 kB
HugePages_Total:       0
HugePages_Free:        0
HugePages_Rsvd:        0
HugePages_Surp:        0
Hugepagesize:       2048 kB
DirectMap4k:       45048 kB
DirectMap2M:      864256 kB


CPU:total 1 (initial active 1) (1 cores per cpu, 1 threads per core) family 6 model 158 stepping 9, cmov, cx8, fxsr, mmx, sse, sse2, sse3, ssse3, sse4.1, sse4.2, popcnt, avx, avx2, aes, clmul, erms, rtm, 3dnowpref, lzcnt, tsc, bmi1, bmi2, adx

/proc/cpuinfo:
processor	: 0
vendor_id	: GenuineIntel
cpu family	: 6
model		: 158
model name	: Intel(R) Core(TM) i5-7440HQ CPU @ 2.80GHz
stepping	: 9
microcode	: 0xffffffff
cpu MHz		: 2807.999
cache size	: 6144 KB
physical id	: 0
siblings	: 1
core id		: 0
cpu cores	: 1
apicid		: 0
initial apicid	: 0
fdiv_bug	: no
f00f_bug	: no
coma_bug	: no
fpu		: yes
fpu_exception	: yes
cpuid level	: 21
wp		: yes
flags		: fpu vme de pse tsc msr pae mce cx8 apic sep mtrr pge mca cmov pat pse36 clflush mmx fxsr sse sse2 ss syscall nx pdpe1gb rdtscp lm constant_tsc xtopology cpuid pni pclmulqdq ssse3 fma cx16 sse4_1 sse4_2 movbe popcnt aes xsave avx f16c rdrand hypervisor lahf_lm abm 3dnowprefetch retpoline rsb_ctxsw fsgsbase bmi1 hle avx2 smep bmi2 erms rtm mpx rdseed adx smap clflushopt xsaveopt xsavec xsaves
bugs		: cpu_meltdown spectre_v1 spectre_v2
bogomips	: 5615.99
clflush size	: 64
cache_alignment	: 64
address sizes	: 39 bits physical, 48 bits virtual
power management:



Memory: 4k page, physical 1022100k(49632k free), swap 1045500k(0k free)

vm_info: OpenJDK Server VM (25.151-b12) for linux-x86 JRE (1.8.0_151-8u151-b12-0ubuntu0.16.04.2-b12), built on Oct 27 2017 22:05:04 by "buildd" with gcc 5.4.0 20160609

time: Tue Mar  6 06:59:15 2018
elapsed time: 8 seconds (0d 0h 0m 8s)

